{"/Users/tomaszantas/workspace/tari/applications/launchpad_v2/src/App.tsx": {"path":"/Users/tomaszantas/workspace/tari/applications/launchpad_v2/src/App.tsx","statementMap":{"0":{"start":{"line":1,"column":0},"end":{"line":1,"column":41}},"1":{"start":{"line":2,"column":0},"end":{"line":2,"column":49}},"2":{"start":{"line":4,"column":0},"end":{"line":4,"column":57}},"3":{"start":{"line":6,"column":0},"end":{"line":6,"column":35}},"4":{"start":{"line":8,"column":0},"end":{"line":8,"column":25}},"5":{"start":{"line":10,"column":12},"end":{"line":18,"column":1}},"6":{"start":{"line":11,"column":22},"end":{"line":11,"column":52}},"7":{"start":{"line":13,"column":2},"end":{"line":17,"column":null}},"8":{"start":{"line":20,"column":0},"end":{"line":20,"column":null}}},"fnMap":{"0":{"name":"(anonymous_1)","decl":{"start":{"line":10,"column":12},"end":{"line":10,"column":15}},"loc":{"start":{"line":10,"column":17},"end":{"line":18,"column":1}}}},"branchMap":{},"s":{"0":1,"1":1,"2":1,"3":1,"4":1,"5":1,"6":1,"7":1,"8":1},"f":{"0":1},"b":{}}
,"/Users/tomaszantas/workspace/tari/applications/launchpad_v2/src/custom.d.ts": {"path":"/Users/tomaszantas/workspace/tari/applications/launchpad_v2/src/custom.d.ts","statementMap":{},"fnMap":{},"branchMap":{},"s":{},"f":{},"b":{},"inputSourceMap":null}
,"/Users/tomaszantas/workspace/tari/applications/launchpad_v2/src/index.tsx": {"path":"/Users/tomaszantas/workspace/tari/applications/launchpad_v2/src/index.tsx","statementMap":{"0":{"start":{"line":1,"column":0},"end":{"line":1,"column":25}},"1":{"start":{"line":2,"column":0},"end":{"line":2,"column":45}},"2":{"start":{"line":3,"column":0},"end":{"line":3,"column":38}},"3":{"start":{"line":5,"column":0},"end":{"line":5,"column":20}},"4":{"start":{"line":6,"column":0},"end":{"line":6,"column":23}},"5":{"start":{"line":7,"column":0},"end":{"line":7,"column":47}},"6":{"start":{"line":8,"column":0},"end":{"line":8,"column":31}},"7":{"start":{"line":10,"column":18},"end":{"line":10,"column":49}},"8":{"start":{"line":12,"column":13},"end":{"line":12,"column":35}},"9":{"start":{"line":13,"column":0},"end":{"line":19,"column":null}},"10":{"start":{"line":24,"column":0},"end":{"line":24,"column":null}}},"fnMap":{},"branchMap":{},"s":{"0":0,"1":0,"2":0,"3":0,"4":0,"5":0,"6":0,"7":0,"8":0,"9":0,"10":0},"f":{},"b":{}}
,"/Users/tomaszantas/workspace/tari/applications/launchpad_v2/src/react-app-env.d.ts": {"path":"/Users/tomaszantas/workspace/tari/applications/launchpad_v2/src/react-app-env.d.ts","statementMap":{},"fnMap":{},"branchMap":{},"s":{},"f":{},"b":{},"inputSourceMap":null}
,"/Users/tomaszantas/workspace/tari/applications/launchpad_v2/src/reportWebVitals.ts": {"path":"/Users/tomaszantas/workspace/tari/applications/launchpad_v2/src/reportWebVitals.ts","statementMap":{"0":{"start":{"line":3,"column":24},"end":{"line":13,"column":1}},"1":{"start":{"line":4,"column":2},"end":{"line":12,"column":null}},"2":{"start":{"line":5,"column":4},"end":{"line":11,"column":null}},"3":{"start":{"line":5,"column":4},"end":{"line":5,"column":25}},"4":{"start":{"line":6,"column":6},"end":{"line":6,"column":null}},"5":{"start":{"line":7,"column":6},"end":{"line":7,"column":null}},"6":{"start":{"line":8,"column":6},"end":{"line":8,"column":null}},"7":{"start":{"line":9,"column":6},"end":{"line":9,"column":null}},"8":{"start":{"line":10,"column":6},"end":{"line":10,"column":null}},"9":{"start":{"line":15,"column":0},"end":{"line":15,"column":null}}},"fnMap":{"0":{"name":"(anonymous_6)","decl":{"start":{"line":3,"column":24},"end":{"line":3,"column":25}},"loc":{"start":{"line":3,"column":56},"end":{"line":13,"column":1}}},"1":{"name":"(anonymous_7)","decl":{"start":{"line":5,"column":4},"end":{"line":5,"column":11}},"loc":{"start":{"line":5,"column":4},"end":{"line":5,"column":25}}},"2":{"name":"(anonymous_8)","decl":{"start":{"line":5,"column":30},"end":{"line":5,"column":31}},"loc":{"start":{"line":5,"column":78},"end":{"line":11,"column":5}}}},"branchMap":{"0":{"loc":{"start":{"line":4,"column":2},"end":{"line":12,"column":null}},"type":"if","locations":[{"start":{"line":4,"column":2},"end":{"line":12,"column":null}}]},"1":{"loc":{"start":{"line":4,"column":6},"end":{"line":4,"column":52}},"type":"binary-expr","locations":[{"start":{"line":4,"column":6},"end":{"line":4,"column":17}},{"start":{"line":4,"column":21},"end":{"line":4,"column":52}}]}},"s":{"0":0,"1":0,"2":0,"3":0,"4":0,"5":0,"6":0,"7":0,"8":0,"9":0},"f":{"0":0,"1":0,"2":0},"b":{"0":[0],"1":[0,0]}}
,"/Users/tomaszantas/workspace/tari/applications/launchpad_v2/src/components/Button/index.tsx": {"path":"/Users/tomaszantas/workspace/tari/applications/launchpad_v2/src/components/Button/index.tsx","statementMap":{"0":{"start":{"line":1,"column":0},"end":{"line":1,"column":34}},"1":{"start":{"line":2,"column":0},"end":{"line":2,"column":63}},"2":{"start":{"line":4,"column":0},"end":{"line":4,"column":76}},"3":{"start":{"line":7,"column":15},"end":{"line":69,"column":1}},"4":{"start":{"line":17,"column":16},"end":{"line":17,"column":40}},"5":{"start":{"line":19,"column":33},"end":{"line":19,"column":35}},"6":{"start":{"line":21,"column":2},"end":{"line":34,"column":null}},"7":{"start":{"line":23,"column":6},"end":{"line":26,"column":null}},"8":{"start":{"line":27,"column":6},"end":{"line":27,"column":11}},"9":{"start":{"line":29,"column":6},"end":{"line":32,"column":null}},"10":{"start":{"line":33,"column":6},"end":{"line":33,"column":11}},"11":{"start":{"line":36,"column":2},"end":{"line":38,"column":null}},"12":{"start":{"line":37,"column":4},"end":{"line":37,"column":null}},"13":{"start":{"line":41,"column":4},"end":{"line":44,"column":null}},"14":{"start":{"line":48,"column":2},"end":{"line":68,"column":null}},"15":{"start":{"line":49,"column":4},"end":{"line":57,"column":null}},"16":{"start":{"line":52,"column":23},"end":{"line":52,"column":43}},"17":{"start":{"line":59,"column":4},"end":{"line":67,"column":null}},"18":{"start":{"line":62,"column":23},"end":{"line":62,"column":43}},"19":{"start":{"line":71,"column":0},"end":{"line":71,"column":null}}},"fnMap":{"0":{"name":"(anonymous_0)","decl":{"start":{"line":7,"column":15},"end":{"line":7,"column":16}},"loc":{"start":{"line":16,"column":18},"end":{"line":69,"column":1}}},"1":{"name":"(anonymous_1)","decl":{"start":{"line":52,"column":17},"end":{"line":52,"column":20}},"loc":{"start":{"line":52,"column":23},"end":{"line":52,"column":43}}},"2":{"name":"(anonymous_2)","decl":{"start":{"line":62,"column":17},"end":{"line":62,"column":20}},"loc":{"start":{"line":62,"column":23},"end":{"line":62,"column":43}}}},"branchMap":{"0":{"loc":{"start":{"line":11,"column":2},"end":{"line":11,"column":17}},"type":"default-arg","locations":[{"start":{"line":11,"column":9},"end":{"line":11,"column":17}}]},"1":{"loc":{"start":{"line":21,"column":2},"end":{"line":34,"column":null}},"type":"switch","locations":[{"start":{"line":22,"column":4},"end":{"line":27,"column":11}},{"start":{"line":28,"column":4},"end":{"line":33,"column":11}}]},"2":{"loc":{"start":{"line":36,"column":2},"end":{"line":38,"column":null}},"type":"if","locations":[{"start":{"line":36,"column":2},"end":{"line":38,"column":null}}]},"3":{"loc":{"start":{"line":42,"column":7},"end":{"line":42,"column":62}},"type":"cond-expr","locations":[{"start":{"line":42,"column":18},"end":{"line":42,"column":55}},{"start":{"line":42,"column":58},"end":{"line":42,"column":62}}]},"4":{"loc":{"start":{"line":44,"column":7},"end":{"line":44,"column":64}},"type":"cond-expr","locations":[{"start":{"line":44,"column":19},"end":{"line":44,"column":57}},{"start":{"line":44,"column":60},"end":{"line":44,"column":64}}]},"5":{"loc":{"start":{"line":48,"column":2},"end":{"line":68,"column":null}},"type":"if","locations":[{"start":{"line":48,"column":2},"end":{"line":68,"column":null}},{"start":{"line":58,"column":9},"end":{"line":68,"column":null}}]},"6":{"loc":{"start":{"line":48,"column":6},"end":{"line":48,"column":29}},"type":"binary-expr","locations":[{"start":{"line":48,"column":6},"end":{"line":48,"column":21}},{"start":{"line":48,"column":25},"end":{"line":48,"column":29}}]},"7":{"loc":{"start":{"line":52,"column":23},"end":{"line":52,"column":43}},"type":"binary-expr","locations":[{"start":{"line":52,"column":23},"end":{"line":52,"column":30}},{"start":{"line":52,"column":34},"end":{"line":52,"column":43}}]},"8":{"loc":{"start":{"line":62,"column":23},"end":{"line":62,"column":43}},"type":"binary-expr","locations":[{"start":{"line":62,"column":23},"end":{"line":62,"column":30}},{"start":{"line":62,"column":34},"end":{"line":62,"column":43}}]}},"s":{"0":2,"1":2,"2":2,"3":2,"4":4,"5":4,"6":4,"7":4,"8":4,"9":0,"10":0,"11":4,"12":0,"13":4,"14":4,"15":0,"16":0,"17":4,"18":0,"19":2},"f":{"0":4,"1":0,"2":0},"b":{"0":[4],"1":[4,0],"2":[0],"3":[4,0],"4":[0,4],"5":[0,4],"6":[4,4],"7":[0,0],"8":[0,0]}}
,"/Users/tomaszantas/workspace/tari/applications/launchpad_v2/src/components/Button/styles.ts": {"path":"/Users/tomaszantas/workspace/tari/applications/launchpad_v2/src/components/Button/styles.ts","statementMap":{"0":{"start":{"line":1,"column":0},"end":{"line":1,"column":38}},"1":{"start":{"line":3,"column":13},"end":{"line":7,"column":null}},"2":{"start":{"line":9,"column":13},"end":{"line":10,"column":null}},"3":{"start":{"line":12,"column":13},"end":{"line":12,"column":null}},"4":{"start":{"line":14,"column":13},"end":{"line":14,"column":null}}},"fnMap":{},"branchMap":{},"s":{"0":2,"1":2,"2":2,"3":2,"4":2},"f":{},"b":{}}
,"/Users/tomaszantas/workspace/tari/applications/launchpad_v2/src/components/Footer/index.tsx": {"path":"/Users/tomaszantas/workspace/tari/applications/launchpad_v2/src/components/Footer/index.tsx","statementMap":{"0":{"start":{"line":1,"column":0},"end":{"line":1,"column":39}},"1":{"start":{"line":3,"column":15},"end":{"line":9,"column":1}},"2":{"start":{"line":4,"column":2},"end":{"line":8,"column":null}},"3":{"start":{"line":11,"column":0},"end":{"line":11,"column":null}}},"fnMap":{"0":{"name":"(anonymous_0)","decl":{"start":{"line":3,"column":15},"end":{"line":3,"column":18}},"loc":{"start":{"line":3,"column":20},"end":{"line":9,"column":1}}}},"branchMap":{},"s":{"0":2,"1":2,"2":2,"3":2},"f":{"0":2},"b":{}}
,"/Users/tomaszantas/workspace/tari/applications/launchpad_v2/src/components/Footer/styles.ts": {"path":"/Users/tomaszantas/workspace/tari/applications/launchpad_v2/src/components/Footer/styles.ts","statementMap":{"0":{"start":{"line":1,"column":0},"end":{"line":1,"column":38}},"1":{"start":{"line":3,"column":13},"end":{"line":8,"column":null}},"2":{"start":{"line":10,"column":13},"end":{"line":12,"column":null}}},"fnMap":{},"branchMap":{},"s":{"0":2,"1":2,"2":2},"f":{},"b":{}}
,"/Users/tomaszantas/workspace/tari/applications/launchpad_v2/src/components/Inputs/Switch/index.tsx": {"path":"/Users/tomaszantas/workspace/tari/applications/launchpad_v2/src/components/Inputs/Switch/index.tsx","statementMap":{"0":{"start":{"line":1,"column":0},"end":{"line":1,"column":34}},"1":{"start":{"line":2,"column":0},"end":{"line":2,"column":40}},"2":{"start":{"line":3,"column":0},"end":{"line":3,"column":48}},"3":{"start":{"line":5,"column":0},"end":{"line":5,"column":null}},"4":{"start":{"line":17,"column":15},"end":{"line":60,"column":1}},"5":{"start":{"line":24,"column":16},"end":{"line":24,"column":40}},"6":{"start":{"line":26,"column":21},"end":{"line":26,"column":59}},"7":{"start":{"line":28,"column":21},"end":{"line":30,"column":4}},"8":{"start":{"line":32,"column":25},"end":{"line":34,"column":4}},"9":{"start":{"line":36,"column":25},"end":{"line":38,"column":4}},"10":{"start":{"line":40,"column":2},"end":{"line":59,"column":null}},"11":{"start":{"line":42,"column":21},"end":{"line":42,"column":47}},"12":{"start":{"line":62,"column":0},"end":{"line":62,"column":null}}},"fnMap":{"0":{"name":"(anonymous_0)","decl":{"start":{"line":17,"column":15},"end":{"line":17,"column":16}},"loc":{"start":{"line":23,"column":18},"end":{"line":60,"column":1}}},"1":{"name":"(anonymous_1)","decl":{"start":{"line":42,"column":15},"end":{"line":42,"column":18}},"loc":{"start":{"line":42,"column":21},"end":{"line":42,"column":47}}}},"branchMap":{"0":{"loc":{"start":{"line":26,"column":21},"end":{"line":26,"column":59}},"type":"cond-expr","locations":[{"start":{"line":26,"column":37},"end":{"line":26,"column":51}},{"start":{"line":26,"column":54},"end":{"line":26,"column":59}}]},"1":{"loc":{"start":{"line":29,"column":10},"end":{"line":29,"column":25}},"type":"cond-expr","locations":[{"start":{"line":29,"column":18},"end":{"line":29,"column":20}},{"start":{"line":29,"column":23},"end":{"line":29,"column":25}}]},"2":{"loc":{"start":{"line":37,"column":16},"end":{"line":37,"column":57}},"type":"cond-expr","locations":[{"start":{"line":37,"column":24},"end":{"line":37,"column":41}},{"start":{"line":37,"column":44},"end":{"line":37,"column":57}}]},"3":{"loc":{"start":{"line":42,"column":21},"end":{"line":42,"column":47}},"type":"binary-expr","locations":[{"start":{"line":42,"column":21},"end":{"line":42,"column":28}},{"start":{"line":42,"column":32},"end":{"line":42,"column":47}}]},"4":{"loc":{"start":{"line":43,"column":19},"end":{"line":43,"column":47}},"type":"binary-expr","locations":[{"start":{"line":43,"column":19},"end":{"line":43,"column":25}},{"start":{"line":43,"column":29},"end":{"line":43,"column":47}}]},"5":{"loc":{"start":{"line":49,"column":7},"end":{"line":57,"column":14}},"type":"cond-expr","locations":[{"start":{"line":50,"column":8},"end":{"line":55,"column":null}},{"start":{"line":57,"column":10},"end":{"line":57,"column":14}}]}},"s":{"0":3,"1":3,"2":3,"3":3,"4":3,"5":5,"6":5,"7":5,"8":5,"9":5,"10":5,"11":3,"12":3},"f":{"0":5,"1":3},"b":{"0":[1,4],"1":[1,4],"2":[1,4],"3":[3,3],"4":[5,1],"5":[5,0]}}
,"/Users/tomaszantas/workspace/tari/applications/launchpad_v2/src/components/Inputs/Switch/styles.ts": {"path":"/Users/tomaszantas/workspace/tari/applications/launchpad_v2/src/components/Inputs/Switch/styles.ts","statementMap":{"0":{"start":{"line":1,"column":0},"end":{"line":1,"column":39}},"1":{"start":{"line":2,"column":0},"end":{"line":2,"column":38}},"2":{"start":{"line":3,"column":0},"end":{"line":3,"column":50}},"3":{"start":{"line":5,"column":13},"end":{"line":8,"column":null}},"4":{"start":{"line":10,"column":13},"end":{"line":19,"column":null}},"5":{"start":{"line":21,"column":13},"end":{"line":31,"column":null}},"6":{"start":{"line":33,"column":13},"end":{"line":37,"column":null}}},"fnMap":{},"branchMap":{},"s":{"0":3,"1":3,"2":3,"3":3,"4":3,"5":3,"6":3},"f":{},"b":{}}
,"/Users/tomaszantas/workspace/tari/applications/launchpad_v2/src/components/Logo/index.tsx": {"path":"/Users/tomaszantas/workspace/tari/applications/launchpad_v2/src/components/Logo/index.tsx","statementMap":{"0":{"start":{"line":1,"column":0},"end":{"line":1,"column":71}},"1":{"start":{"line":2,"column":0},"end":{"line":2,"column":53}},"2":{"start":{"line":3,"column":0},"end":{"line":3,"column":57}},"3":{"start":{"line":15,"column":13},"end":{"line":24,"column":1}},"4":{"start":{"line":16,"column":2},"end":{"line":23,"column":null}},"5":{"start":{"line":18,"column":6},"end":{"line":18,"column":null}},"6":{"start":{"line":20,"column":6},"end":{"line":20,"column":null}},"7":{"start":{"line":22,"column":6},"end":{"line":22,"column":null}},"8":{"start":{"line":26,"column":0},"end":{"line":26,"column":null}}},"fnMap":{"0":{"name":"(anonymous_1)","decl":{"start":{"line":15,"column":13},"end":{"line":15,"column":14}},"loc":{"start":{"line":15,"column":49},"end":{"line":24,"column":1}}}},"branchMap":{"0":{"loc":{"start":{"line":15,"column":16},"end":{"line":15,"column":32}},"type":"default-arg","locations":[{"start":{"line":15,"column":26},"end":{"line":15,"column":32}}]},"1":{"loc":{"start":{"line":16,"column":2},"end":{"line":23,"column":null}},"type":"switch","locations":[{"start":{"line":17,"column":4},"end":{"line":18,"column":null}},{"start":{"line":19,"column":4},"end":{"line":20,"column":null}},{"start":{"line":21,"column":4},"end":{"line":22,"column":null}}]}},"s":{"0":3,"1":3,"2":3,"3":3,"4":8,"5":1,"6":5,"7":2,"8":3},"f":{"0":8},"b":{"0":[1],"1":[1,5,2]}}
,"/Users/tomaszantas/workspace/tari/applications/launchpad_v2/src/components/Tabs/index.tsx": {"path":"/Users/tomaszantas/workspace/tari/applications/launchpad_v2/src/components/Tabs/index.tsx","statementMap":{"0":{"start":{"line":1,"column":0},"end":{"line":1,"column":57}},"1":{"start":{"line":4,"column":13},"end":{"line":20,"column":1}},"2":{"start":{"line":5,"column":2},"end":{"line":19,"column":null}},"3":{"start":{"line":9,"column":10},"end":{"line":10,"column":null}},"4":{"start":{"line":12,"column":27},"end":{"line":12,"column":43}},"5":{"start":{"line":22,"column":0},"end":{"line":22,"column":null}}},"fnMap":{"0":{"name":"(anonymous_0)","decl":{"start":{"line":4,"column":13},"end":{"line":4,"column":14}},"loc":{"start":{"line":4,"column":57},"end":{"line":20,"column":1}}},"1":{"name":"(anonymous_1)","decl":{"start":{"line":8,"column":18},"end":{"line":8,"column":19}},"loc":{"start":{"line":9,"column":10},"end":{"line":10,"column":null}}},"2":{"name":"(anonymous_2)","decl":{"start":{"line":12,"column":21},"end":{"line":12,"column":24}},"loc":{"start":{"line":12,"column":27},"end":{"line":12,"column":43}}}},"branchMap":{},"s":{"0":1,"1":1,"2":1,"3":3,"4":0,"5":1},"f":{"0":1,"1":3,"2":0},"b":{}}
,"/Users/tomaszantas/workspace/tari/applications/launchpad_v2/src/components/Tabs/styles.ts": {"path":"/Users/tomaszantas/workspace/tari/applications/launchpad_v2/src/components/Tabs/styles.ts","statementMap":{"0":{"start":{"line":1,"column":0},"end":{"line":1,"column":38}},"1":{"start":{"line":3,"column":13},"end":{"line":7,"column":null}},"2":{"start":{"line":9,"column":13},"end":{"line":13,"column":null}},"3":{"start":{"line":12,"column":37},"end":{"line":12,"column":86}},"4":{"start":{"line":15,"column":13},"end":{"line":18,"column":null}},"5":{"start":{"line":20,"column":13},"end":{"line":24,"column":null}},"6":{"start":{"line":26,"column":13},"end":{"line":30,"column":null}}},"fnMap":{"0":{"name":"(anonymous_1)","decl":{"start":{"line":12,"column":19},"end":{"line":12,"column":20}},"loc":{"start":{"line":12,"column":37},"end":{"line":12,"column":86}}}},"branchMap":{"0":{"loc":{"start":{"line":12,"column":37},"end":{"line":12,"column":86}},"type":"cond-expr","locations":[{"start":{"line":12,"column":48},"end":{"line":12,"column":67}},{"start":{"line":12,"column":70},"end":{"line":12,"column":86}}]}},"s":{"0":1,"1":1,"2":1,"3":3,"4":1,"5":1,"6":1},"f":{"0":3},"b":{"0":[1,2]}}
,"/Users/tomaszantas/workspace/tari/applications/launchpad_v2/src/components/TitleBar/index.tsx": {"path":"/Users/tomaszantas/workspace/tari/applications/launchpad_v2/src/components/TitleBar/index.tsx","statementMap":{"0":{"start":{"line":1,"column":0},"end":{"line":1,"column":34}},"1":{"start":{"line":2,"column":0},"end":{"line":2,"column":48}},"2":{"start":{"line":3,"column":0},"end":{"line":3,"column":54}},"3":{"start":{"line":4,"column":0},"end":{"line":4,"column":50}},"4":{"start":{"line":5,"column":0},"end":{"line":5,"column":50}},"5":{"start":{"line":7,"column":0},"end":{"line":7,"column":30}},"6":{"start":{"line":8,"column":0},"end":{"line":8,"column":26}},"7":{"start":{"line":9,"column":0},"end":{"line":9,"column":37}},"8":{"start":{"line":11,"column":0},"end":{"line":11,"column":60}},"9":{"start":{"line":13,"column":0},"end":{"line":13,"column":57}},"10":{"start":{"line":14,"column":0},"end":{"line":14,"column":52}},"11":{"start":{"line":16,"column":0},"end":{"line":16,"column":50}},"12":{"start":{"line":17,"column":0},"end":{"line":17,"column":57}},"13":{"start":{"line":19,"column":0},"end":{"line":19,"column":null}},"14":{"start":{"line":28,"column":17},"end":{"line":206,"column":1}},"15":{"start":{"line":29,"column":19},"end":{"line":29,"column":32}},"16":{"start":{"line":31,"column":21},"end":{"line":31,"column":50}},"17":{"start":{"line":32,"column":16},"end":{"line":32,"column":40}},"18":{"start":{"line":34,"column":27},"end":{"line":36,"column":null}},"19":{"start":{"line":39,"column":31},"end":{"line":39,"column":73}},"20":{"start":{"line":41,"column":24},"end":{"line":43,"column":4}},"21":{"start":{"line":45,"column":26},"end":{"line":45,"column":51}},"22":{"start":{"line":47,"column":25},"end":{"line":49,"column":4}},"23":{"start":{"line":51,"column":21},"end":{"line":53,"column":3}},"24":{"start":{"line":52,"column":4},"end":{"line":52,"column":null}},"25":{"start":{"line":55,"column":21},"end":{"line":57,"column":3}},"26":{"start":{"line":56,"column":4},"end":{"line":56,"column":null}},"27":{"start":{"line":59,"column":18},"end":{"line":61,"column":3}},"28":{"start":{"line":60,"column":4},"end":{"line":60,"column":null}},"29":{"start":{"line":63,"column":28},"end":{"line":69,"column":3}},"30":{"start":{"line":64,"column":4},"end":{"line":68,"column":null}},"31":{"start":{"line":65,"column":6},"end":{"line":65,"column":null}},"32":{"start":{"line":67,"column":6},"end":{"line":67,"column":null}},"33":{"start":{"line":71,"column":2},"end":{"line":205,"column":null}},"34":{"start":{"line":208,"column":0},"end":{"line":208,"column":null}}},"fnMap":{"0":{"name":"(anonymous_1)","decl":{"start":{"line":28,"column":17},"end":{"line":28,"column":18}},"loc":{"start":{"line":28,"column":64},"end":{"line":206,"column":1}}},"1":{"name":"(anonymous_2)","decl":{"start":{"line":51,"column":21},"end":{"line":51,"column":24}},"loc":{"start":{"line":51,"column":26},"end":{"line":53,"column":3}}},"2":{"name":"(anonymous_3)","decl":{"start":{"line":55,"column":21},"end":{"line":55,"column":24}},"loc":{"start":{"line":55,"column":26},"end":{"line":57,"column":3}}},"3":{"name":"(anonymous_4)","decl":{"start":{"line":59,"column":18},"end":{"line":59,"column":21}},"loc":{"start":{"line":59,"column":23},"end":{"line":61,"column":3}}},"4":{"name":"(anonymous_5)","decl":{"start":{"line":63,"column":28},"end":{"line":63,"column":31}},"loc":{"start":{"line":63,"column":33},"end":{"line":69,"column":3}}}},"branchMap":{"0":{"loc":{"start":{"line":28,"column":20},"end":{"line":28,"column":43}},"type":"default-arg","locations":[{"start":{"line":28,"column":38},"end":{"line":28,"column":43}}]},"1":{"loc":{"start":{"line":42,"column":11},"end":{"line":42,"column":73}},"type":"cond-expr","locations":[{"start":{"line":42,"column":41},"end":{"line":42,"column":57}},{"start":{"line":42,"column":60},"end":{"line":42,"column":73}}]},"2":{"loc":{"start":{"line":64,"column":4},"end":{"line":68,"column":null}},"type":"if","locations":[{"start":{"line":64,"column":4},"end":{"line":68,"column":null}},{"start":{"line":66,"column":11},"end":{"line":68,"column":null}}]},"3":{"loc":{"start":{"line":175,"column":33},"end":{"line":175,"column":67}},"type":"cond-expr","locations":[{"start":{"line":175,"column":61},"end":{"line":175,"column":63}},{"start":{"line":175,"column":66},"end":{"line":175,"column":67}}]}},"s":{"0":2,"1":2,"2":2,"3":2,"4":2,"5":2,"6":2,"7":2,"8":2,"9":2,"10":2,"11":2,"12":2,"13":2,"14":2,"15":4,"16":4,"17":4,"18":4,"19":4,"20":4,"21":4,"22":4,"23":4,"24":1,"25":4,"26":1,"27":4,"28":1,"29":4,"30":2,"31":1,"32":1,"33":4,"34":2},"f":{"0":4,"1":1,"2":1,"3":1,"4":2},"b":{"0":[3],"1":[0,4],"2":[1,1],"3":[0,4]}}
,"/Users/tomaszantas/workspace/tari/applications/launchpad_v2/src/components/TitleBar/styles.ts": {"path":"/Users/tomaszantas/workspace/tari/applications/launchpad_v2/src/components/TitleBar/styles.ts","statementMap":{"0":{"start":{"line":1,"column":0},"end":{"line":1,"column":39}},"1":{"start":{"line":2,"column":0},"end":{"line":2,"column":38}},"2":{"start":{"line":4,"column":13},"end":{"line":17,"column":null}},"3":{"start":{"line":19,"column":13},"end":{"line":32,"column":null}},"4":{"start":{"line":34,"column":13},"end":{"line":35,"column":null}},"5":{"start":{"line":37,"column":13},"end":{"line":40,"column":null}},"6":{"start":{"line":42,"column":13},"end":{"line":65,"column":null}},"7":{"start":{"line":51,"column":36},"end":{"line":51,"column":46}},"8":{"start":{"line":52,"column":39},"end":{"line":52,"column":50}},"9":{"start":{"line":67,"column":13},"end":{"line":69,"column":null}}},"fnMap":{"0":{"name":"(anonymous_1)","decl":{"start":{"line":51,"column":16},"end":{"line":51,"column":17}},"loc":{"start":{"line":51,"column":36},"end":{"line":51,"column":46}}},"1":{"name":"(anonymous_2)","decl":{"start":{"line":52,"column":18},"end":{"line":52,"column":19}},"loc":{"start":{"line":52,"column":39},"end":{"line":52,"column":50}}}},"branchMap":{},"s":{"0":2,"1":2,"2":2,"3":2,"4":2,"5":2,"6":2,"7":12,"8":12,"9":2},"f":{"0":12,"1":12},"b":{}}
,"/Users/tomaszantas/workspace/tari/applications/launchpad_v2/src/containers/BaseNodeContainer/index.tsx": {"path":"/Users/tomaszantas/workspace/tari/applications/launchpad_v2/src/containers/BaseNodeContainer/index.tsx","statementMap":{"0":{"start":{"line":1,"column":0},"end":{"line":1,"column":43}},"1":{"start":{"line":2,"column":0},"end":{"line":2,"column":46}},"2":{"start":{"line":4,"column":26},"end":{"line":31,"column":1}},"3":{"start":{"line":5,"column":30},"end":{"line":5,"column":52}},"4":{"start":{"line":7,"column":2},"end":{"line":14,"column":null}},"5":{"start":{"line":8,"column":27},"end":{"line":11,"column":5}},"6":{"start":{"line":9,"column":32},"end":{"line":9,"column":68}},"7":{"start":{"line":10,"column":6},"end":{"line":10,"column":null}},"8":{"start":{"line":13,"column":4},"end":{"line":13,"column":null}},"9":{"start":{"line":16,"column":2},"end":{"line":30,"column":null}},"10":{"start":{"line":23,"column":10},"end":{"line":23,"column":null}},"11":{"start":{"line":33,"column":0},"end":{"line":33,"column":null}}},"fnMap":{"0":{"name":"(anonymous_0)","decl":{"start":{"line":4,"column":26},"end":{"line":4,"column":29}},"loc":{"start":{"line":4,"column":31},"end":{"line":31,"column":1}}},"1":{"name":"(anonymous_1)","decl":{"start":{"line":7,"column":12},"end":{"line":7,"column":15}},"loc":{"start":{"line":7,"column":17},"end":{"line":14,"column":3}}},"2":{"name":"(anonymous_2)","decl":{"start":{"line":8,"column":27},"end":{"line":8,"column":32}},"loc":{"start":{"line":8,"column":38},"end":{"line":11,"column":5}}},"3":{"name":"(anonymous_3)","decl":{"start":{"line":22,"column":20},"end":{"line":22,"column":23}},"loc":{"start":{"line":23,"column":10},"end":{"line":23,"column":null}}}},"branchMap":{},"s":{"0":1,"1":1,"2":1,"3":0,"4":0,"5":0,"6":0,"7":0,"8":0,"9":0,"10":0,"11":1},"f":{"0":0,"1":0,"2":0,"3":0},"b":{}}
,"/Users/tomaszantas/workspace/tari/applications/launchpad_v2/src/containers/Dashboard/DashboardContainer/index.tsx": {"path":"/Users/tomaszantas/workspace/tari/applications/launchpad_v2/src/containers/Dashboard/DashboardContainer/index.tsx","statementMap":{"0":{"start":{"line":1,"column":0},"end":{"line":1,"column":54}},"1":{"start":{"line":3,"column":0},"end":{"line":3,"column":60}},"2":{"start":{"line":5,"column":0},"end":{"line":5,"column":51}},"3":{"start":{"line":6,"column":0},"end":{"line":6,"column":55}},"4":{"start":{"line":7,"column":0},"end":{"line":7,"column":51}},"5":{"start":{"line":9,"column":0},"end":{"line":9,"column":47}},"6":{"start":{"line":10,"column":0},"end":{"line":10,"column":43}},"7":{"start":{"line":12,"column":0},"end":{"line":12,"column":44}},"8":{"start":{"line":14,"column":0},"end":{"line":14,"column":57}},"9":{"start":{"line":19,"column":27},"end":{"line":70,"column":1}},"10":{"start":{"line":20,"column":19},"end":{"line":20,"column":32}},"11":{"start":{"line":22,"column":22},"end":{"line":22,"column":45}},"12":{"start":{"line":24,"column":19},"end":{"line":37,"column":null}},"13":{"start":{"line":39,"column":21},"end":{"line":41,"column":3}},"14":{"start":{"line":40,"column":4},"end":{"line":40,"column":null}},"15":{"start":{"line":43,"column":21},"end":{"line":54,"column":3}},"16":{"start":{"line":44,"column":4},"end":{"line":53,"column":null}},"17":{"start":{"line":46,"column":8},"end":{"line":46,"column":null}},"18":{"start":{"line":48,"column":8},"end":{"line":48,"column":null}},"19":{"start":{"line":50,"column":8},"end":{"line":50,"column":null}},"20":{"start":{"line":52,"column":8},"end":{"line":52,"column":null}},"21":{"start":{"line":56,"column":2},"end":{"line":69,"column":null}},"22":{"start":{"line":72,"column":0},"end":{"line":72,"column":null}}},"fnMap":{"0":{"name":"(anonymous_1)","decl":{"start":{"line":19,"column":27},"end":{"line":19,"column":30}},"loc":{"start":{"line":19,"column":32},"end":{"line":70,"column":1}}},"1":{"name":"(anonymous_2)","decl":{"start":{"line":39,"column":21},"end":{"line":39,"column":22}},"loc":{"start":{"line":39,"column":39},"end":{"line":41,"column":3}}},"2":{"name":"(anonymous_3)","decl":{"start":{"line":43,"column":21},"end":{"line":43,"column":24}},"loc":{"start":{"line":43,"column":26},"end":{"line":54,"column":3}}}},"branchMap":{"0":{"loc":{"start":{"line":44,"column":4},"end":{"line":53,"column":null}},"type":"switch","locations":[{"start":{"line":45,"column":6},"end":{"line":46,"column":null}},{"start":{"line":47,"column":6},"end":{"line":48,"column":null}},{"start":{"line":49,"column":6},"end":{"line":50,"column":null}},{"start":{"line":51,"column":6},"end":{"line":52,"column":null}}]},"1":{"loc":{"start":{"line":61,"column":20},"end":{"line":61,"column":43}},"type":"binary-expr","locations":[{"start":{"line":61,"column":20},"end":{"line":61,"column":31}},{"start":{"line":61,"column":35},"end":{"line":61,"column":43}}]}},"s":{"0":1,"1":1,"2":1,"3":1,"4":1,"5":1,"6":1,"7":1,"8":1,"9":1,"10":1,"11":1,"12":1,"13":1,"14":0,"15":1,"16":1,"17":1,"18":0,"19":0,"20":0,"21":1,"22":1},"f":{"0":1,"1":0,"2":1},"b":{"0":[1,0,0,0],"1":[1,0]}}
,"/Users/tomaszantas/workspace/tari/applications/launchpad_v2/src/containers/Dashboard/DashboardContainer/styles.ts": {"path":"/Users/tomaszantas/workspace/tari/applications/launchpad_v2/src/containers/Dashboard/DashboardContainer/styles.ts","statementMap":{"0":{"start":{"line":1,"column":0},"end":{"line":1,"column":38}},"1":{"start":{"line":3,"column":13},"end":{"line":8,"column":null}},"2":{"start":{"line":10,"column":13},"end":{"line":13,"column":null}}},"fnMap":{},"branchMap":{},"s":{"0":1,"1":1,"2":1},"f":{},"b":{}}
,"/Users/tomaszantas/workspace/tari/applications/launchpad_v2/src/containers/Dashboard/ExpertView/index.tsx": {"path":"/Users/tomaszantas/workspace/tari/applications/launchpad_v2/src/containers/Dashboard/ExpertView/index.tsx","statementMap":{"0":{"start":{"line":1,"column":0},"end":{"line":1,"column":54}},"1":{"start":{"line":2,"column":0},"end":{"line":2,"column":53}},"2":{"start":{"line":3,"column":0},"end":{"line":3,"column":63}},"3":{"start":{"line":5,"column":19},"end":{"line":25,"column":1}},"4":{"start":{"line":6,"column":19},"end":{"line":6,"column":32}},"5":{"start":{"line":7,"column":21},"end":{"line":7,"column":50}},"6":{"start":{"line":9,"column":2},"end":{"line":24,"column":null}},"7":{"start":{"line":14,"column":10},"end":{"line":17,"column":null}},"8":{"start":{"line":27,"column":0},"end":{"line":27,"column":null}}},"fnMap":{"0":{"name":"(anonymous_0)","decl":{"start":{"line":5,"column":19},"end":{"line":5,"column":22}},"loc":{"start":{"line":5,"column":24},"end":{"line":25,"column":1}}},"1":{"name":"(anonymous_1)","decl":{"start":{"line":13,"column":17},"end":{"line":13,"column":20}},"loc":{"start":{"line":14,"column":10},"end":{"line":17,"column":null}}}},"branchMap":{"0":{"loc":{"start":{"line":16,"column":14},"end":{"line":16,"column":65}},"type":"cond-expr","locations":[{"start":{"line":16,"column":44},"end":{"line":16,"column":50}},{"start":{"line":16,"column":53},"end":{"line":16,"column":65}}]}},"s":{"0":1,"1":1,"2":1,"3":1,"4":1,"5":1,"6":1,"7":0,"8":1},"f":{"0":1,"1":0},"b":{"0":[0,0]}}
,"/Users/tomaszantas/workspace/tari/applications/launchpad_v2/src/containers/MiningContainer/index.tsx": {"path":"/Users/tomaszantas/workspace/tari/applications/launchpad_v2/src/containers/MiningContainer/index.tsx","statementMap":{"0":{"start":{"line":1,"column":0},"end":{"line":1,"column":41}},"1":{"start":{"line":3,"column":0},"end":{"line":3,"column":42}},"2":{"start":{"line":5,"column":24},"end":{"line":16,"column":1}},"3":{"start":{"line":6,"column":19},"end":{"line":6,"column":32}},"4":{"start":{"line":7,"column":2},"end":{"line":15,"column":null}},"5":{"start":{"line":10,"column":29},"end":{"line":10,"column":56}},"6":{"start":{"line":13,"column":29},"end":{"line":13,"column":55}},"7":{"start":{"line":18,"column":0},"end":{"line":18,"column":null}}},"fnMap":{"0":{"name":"(anonymous_0)","decl":{"start":{"line":5,"column":24},"end":{"line":5,"column":27}},"loc":{"start":{"line":5,"column":29},"end":{"line":16,"column":1}}},"1":{"name":"(anonymous_1)","decl":{"start":{"line":10,"column":23},"end":{"line":10,"column":26}},"loc":{"start":{"line":10,"column":29},"end":{"line":10,"column":56}}},"2":{"name":"(anonymous_2)","decl":{"start":{"line":13,"column":23},"end":{"line":13,"column":26}},"loc":{"start":{"line":13,"column":29},"end":{"line":13,"column":55}}}},"branchMap":{},"s":{"0":1,"1":1,"2":1,"3":1,"4":1,"5":0,"6":0,"7":1},"f":{"0":1,"1":0,"2":0},"b":{}}
,"/Users/tomaszantas/workspace/tari/applications/launchpad_v2/src/containers/WalletContainer/index.tsx": {"path":"/Users/tomaszantas/workspace/tari/applications/launchpad_v2/src/containers/WalletContainer/index.tsx","statementMap":{"0":{"start":{"line":1,"column":24},"end":{"line":7,"column":1}},"1":{"start":{"line":2,"column":2},"end":{"line":6,"column":null}},"2":{"start":{"line":9,"column":0},"end":{"line":9,"column":null}}},"fnMap":{"0":{"name":"(anonymous_0)","decl":{"start":{"line":1,"column":24},"end":{"line":1,"column":27}},"loc":{"start":{"line":1,"column":29},"end":{"line":7,"column":1}}}},"branchMap":{},"s":{"0":1,"1":0,"2":1},"f":{"0":0},"b":{}}
,"/Users/tomaszantas/workspace/tari/applications/launchpad_v2/src/layouts/MainLayout/index.tsx": {"path":"/Users/tomaszantas/workspace/tari/applications/launchpad_v2/src/layouts/MainLayout/index.tsx","statementMap":{"0":{"start":{"line":1,"column":0},"end":{"line":1,"column":40}},"1":{"start":{"line":2,"column":0},"end":{"line":2,"column":41}},"2":{"start":{"line":5,"column":0},"end":{"line":5,"column":null}},"3":{"start":{"line":13,"column":0},"end":{"line":13,"column":60}},"4":{"start":{"line":14,"column":0},"end":{"line":14,"column":57}},"5":{"start":{"line":15,"column":0},"end":{"line":15,"column":48}},"6":{"start":{"line":16,"column":0},"end":{"line":16,"column":78}},"7":{"start":{"line":17,"column":0},"end":{"line":17,"column":62}},"8":{"start":{"line":22,"column":19},"end":{"line":74,"column":1}},"9":{"start":{"line":23,"column":21},"end":{"line":23,"column":50}},"10":{"start":{"line":26,"column":4},"end":{"line":26,"column":77}},"11":{"start":{"line":31,"column":29},"end":{"line":33,"column":4}},"12":{"start":{"line":34,"column":31},"end":{"line":34,"column":73}},"13":{"start":{"line":35,"column":29},"end":{"line":39,"column":4}},"14":{"start":{"line":41,"column":2},"end":{"line":73,"column":null}},"15":{"start":{"line":76,"column":0},"end":{"line":76,"column":null}}},"fnMap":{"0":{"name":"(anonymous_1)","decl":{"start":{"line":22,"column":19},"end":{"line":22,"column":20}},"loc":{"start":{"line":22,"column":68},"end":{"line":74,"column":1}}}},"branchMap":{"0":{"loc":{"start":{"line":22,"column":22},"end":{"line":22,"column":45}},"type":"default-arg","locations":[{"start":{"line":22,"column":40},"end":{"line":22,"column":45}}]},"1":{"loc":{"start":{"line":32,"column":11},"end":{"line":32,"column":66}},"type":"cond-expr","locations":[{"start":{"line":32,"column":35},"end":{"line":32,"column":57}},{"start":{"line":32,"column":60},"end":{"line":32,"column":66}}]},"2":{"loc":{"start":{"line":37,"column":17},"end":{"line":37,"column":57}},"type":"cond-expr","locations":[{"start":{"line":37,"column":43},"end":{"line":37,"column":50}},{"start":{"line":37,"column":53},"end":{"line":37,"column":57}}]},"3":{"loc":{"start":{"line":38,"column":11},"end":{"line":38,"column":63}},"type":"cond-expr","locations":[{"start":{"line":38,"column":39},"end":{"line":38,"column":45}},{"start":{"line":38,"column":48},"end":{"line":38,"column":63}}]},"4":{"loc":{"start":{"line":57,"column":26},"end":{"line":57,"column":60}},"type":"cond-expr","locations":[{"start":{"line":57,"column":54},"end":{"line":57,"column":56}},{"start":{"line":57,"column":59},"end":{"line":57,"column":60}}]},"5":{"loc":{"start":{"line":65,"column":26},"end":{"line":65,"column":60}},"type":"cond-expr","locations":[{"start":{"line":65,"column":54},"end":{"line":65,"column":56}},{"start":{"line":65,"column":59},"end":{"line":65,"column":60}}]}},"s":{"0":1,"1":1,"2":1,"3":1,"4":1,"5":1,"6":1,"7":1,"8":1,"9":1,"10":1,"11":1,"12":1,"13":1,"14":1,"15":1},"f":{"0":1},"b":{"0":[1],"1":[0,1],"2":[1,0],"3":[0,1],"4":[0,1],"5":[0,1]}}
,"/Users/tomaszantas/workspace/tari/applications/launchpad_v2/src/layouts/MainLayout/styles.ts": {"path":"/Users/tomaszantas/workspace/tari/applications/launchpad_v2/src/layouts/MainLayout/styles.ts","statementMap":{"0":{"start":{"line":1,"column":0},"end":{"line":1,"column":39}},"1":{"start":{"line":2,"column":0},"end":{"line":2,"column":38}},"2":{"start":{"line":4,"column":13},"end":{"line":8,"column":null}},"3":{"start":{"line":10,"column":13},"end":{"line":19,"column":null}},"4":{"start":{"line":21,"column":13},"end":{"line":26,"column":null}},"5":{"start":{"line":28,"column":13},"end":{"line":35,"column":null}},"6":{"start":{"line":37,"column":13},"end":{"line":47,"column":null}}},"fnMap":{},"branchMap":{},"s":{"0":1,"1":1,"2":1,"3":1,"4":1,"5":1,"6":1},"f":{},"b":{}}
,"/Users/tomaszantas/workspace/tari/applications/launchpad_v2/src/locales/common.ts": {"path":"/Users/tomaszantas/workspace/tari/applications/launchpad_v2/src/locales/common.ts","statementMap":{"0":{"start":{"line":1,"column":21},"end":{"line":10,"column":null}},"1":{"start":{"line":12,"column":0},"end":{"line":12,"column":null}}},"fnMap":{},"branchMap":{},"s":{"0":0,"1":0},"f":{},"b":{}}
,"/Users/tomaszantas/workspace/tari/applications/launchpad_v2/src/locales/index.ts": {"path":"/Users/tomaszantas/workspace/tari/applications/launchpad_v2/src/locales/index.ts","statementMap":{"0":{"start":{"line":9,"column":0},"end":{"line":9,"column":33}},"1":{"start":{"line":11,"column":0},"end":{"line":11,"column":33}},"2":{"start":{"line":13,"column":22},"end":{"line":16,"column":null}},"3":{"start":{"line":18,"column":0},"end":{"line":18,"column":null}}},"fnMap":{},"branchMap":{},"s":{"0":0,"1":0,"2":0,"3":0},"f":{},"b":{}}
,"/Users/tomaszantas/workspace/tari/applications/launchpad_v2/src/locales/mining.ts": {"path":"/Users/tomaszantas/workspace/tari/applications/launchpad_v2/src/locales/mining.ts","statementMap":{"0":{"start":{"line":1,"column":21},"end":{"line":3,"column":null}},"1":{"start":{"line":5,"column":0},"end":{"line":5,"column":null}}},"fnMap":{},"branchMap":{},"s":{"0":0,"1":0},"f":{},"b":{}}
,"/Users/tomaszantas/workspace/tari/applications/launchpad_v2/src/pages/home/index.tsx": {"path":"/Users/tomaszantas/workspace/tari/applications/launchpad_v2/src/pages/home/index.tsx","statementMap":{"0":{"start":{"line":1,"column":0},"end":{"line":1,"column":49}},"1":{"start":{"line":6,"column":17},"end":{"line":10,"column":1}},"2":{"start":{"line":7,"column":2},"end":{"line":9,"column":null}},"3":{"start":{"line":12,"column":0},"end":{"line":12,"column":null}}},"fnMap":{"0":{"name":"(anonymous_1)","decl":{"start":{"line":6,"column":17},"end":{"line":6,"column":20}},"loc":{"start":{"line":6,"column":22},"end":{"line":10,"column":1}}}},"branchMap":{},"s":{"0":1,"1":1,"2":1,"3":1},"f":{"0":1},"b":{}}
,"/Users/tomaszantas/workspace/tari/applications/launchpad_v2/src/store/index.ts": {"path":"/Users/tomaszantas/workspace/tari/applications/launchpad_v2/src/store/index.ts","statementMap":{"0":{"start":{"line":1,"column":0},"end":{"line":1,"column":49}},"1":{"start":{"line":3,"column":0},"end":{"line":3,"column":30}},"2":{"start":{"line":5,"column":13},"end":{"line":9,"column":null}}},"fnMap":{},"branchMap":{},"s":{"0":2,"1":2,"2":2},"f":{},"b":{}}
,"/Users/tomaszantas/workspace/tari/applications/launchpad_v2/src/store/app/index.ts": {"path":"/Users/tomaszantas/workspace/tari/applications/launchpad_v2/src/store/app/index.ts","statementMap":{"0":{"start":{"line":1,"column":0},"end":{"line":1,"column":46}},"1":{"start":{"line":6,"column":34},"end":{"line":10,"column":null}},"2":{"start":{"line":12,"column":17},"end":{"line":26,"column":2}},"3":{"start":{"line":17,"column":6},"end":{"line":17,"column":null}},"4":{"start":{"line":20,"column":6},"end":{"line":20,"column":null}},"5":{"start":{"line":23,"column":6},"end":{"line":23,"column":null}},"6":{"start":{"line":28,"column":13},"end":{"line":28,"column":55}},"7":{"start":{"line":30,"column":16},"end":{"line":30,"column":32}},"8":{"start":{"line":31,"column":0},"end":{"line":31,"column":null}}},"fnMap":{"0":{"name":"(anonymous_0)","decl":{"start":{"line":16,"column":4},"end":{"line":16,"column":20}},"loc":{"start":{"line":16,"column":68},"end":{"line":18,"column":5}}},"1":{"name":"(anonymous_1)","decl":{"start":{"line":19,"column":4},"end":{"line":19,"column":12}},"loc":{"start":{"line":19,"column":55},"end":{"line":21,"column":5}}},"2":{"name":"(anonymous_2)","decl":{"start":{"line":22,"column":4},"end":{"line":22,"column":11}},"loc":{"start":{"line":22,"column":53},"end":{"line":24,"column":5}}}},"branchMap":{},"s":{"0":2,"1":2,"2":2,"3":2,"4":0,"5":0,"6":2,"7":2,"8":2},"f":{"0":2,"1":0,"2":0},"b":{}}
,"/Users/tomaszantas/workspace/tari/applications/launchpad_v2/src/store/app/selectors.ts": {"path":"/Users/tomaszantas/workspace/tari/applications/launchpad_v2/src/store/app/selectors.ts","statementMap":{"0":{"start":{"line":2,"column":0},"end":{"line":2,"column":40}},"1":{"start":{"line":4,"column":32},"end":{"line":4,"column":70}},"2":{"start":{"line":4,"column":56},"end":{"line":4,"column":70}},"3":{"start":{"line":4,"column":13},"end":{"line":4,"column":32}},"4":{"start":{"line":6,"column":26},"end":{"line":6,"column":58}},"5":{"start":{"line":6,"column":50},"end":{"line":6,"column":58}},"6":{"start":{"line":6,"column":13},"end":{"line":6,"column":26}},"7":{"start":{"line":8,"column":27},"end":{"line":8,"column":60}},"8":{"start":{"line":8,"column":51},"end":{"line":8,"column":60}},"9":{"start":{"line":8,"column":13},"end":{"line":8,"column":27}},"10":{"start":{"line":10,"column":33},"end":{"line":12,"column":1}},"11":{"start":{"line":11,"column":2},"end":{"line":11,"column":null}},"12":{"start":{"line":10,"column":13},"end":{"line":10,"column":33}}},"fnMap":{"0":{"name":"(anonymous_1)","decl":{"start":{"line":4,"column":32},"end":{"line":4,"column":33}},"loc":{"start":{"line":4,"column":56},"end":{"line":4,"column":70}}},"1":{"name":"(anonymous_2)","decl":{"start":{"line":6,"column":26},"end":{"line":6,"column":27}},"loc":{"start":{"line":6,"column":50},"end":{"line":6,"column":58}}},"2":{"name":"(anonymous_3)","decl":{"start":{"line":8,"column":27},"end":{"line":8,"column":28}},"loc":{"start":{"line":8,"column":51},"end":{"line":8,"column":60}}},"3":{"name":"(anonymous_4)","decl":{"start":{"line":10,"column":33},"end":{"line":10,"column":34}},"loc":{"start":{"line":10,"column":56},"end":{"line":12,"column":1}}}},"branchMap":{},"s":{"0":2,"1":2,"2":6,"3":2,"4":2,"5":1,"6":2,"7":2,"8":0,"9":2,"10":2,"11":1,"12":2},"f":{"0":6,"1":1,"2":0,"3":1},"b":{}}
,"/Users/tomaszantas/workspace/tari/applications/launchpad_v2/src/store/app/thunks.ts": {"path":"/Users/tomaszantas/workspace/tari/applications/launchpad_v2/src/store/app/thunks.ts","statementMap":{"0":{"start":{"line":1,"column":13},"end":{"line":1,"column":null}}},"fnMap":{},"branchMap":{},"s":{"0":0},"f":{},"b":{}}
,"/Users/tomaszantas/workspace/tari/applications/launchpad_v2/src/styles/Icons/Add.tsx": {"path":"/Users/tomaszantas/workspace/tari/applications/launchpad_v2/src/styles/Icons/Add.tsx","statementMap":{"0":{"start":{"line":1,"column":0},"end":{"line":1,"column":30}},"1":{"start":{"line":4,"column":15},"end":{"line":24,"column":null}},"2":{"start":{"line":5,"column":2},"end":{"line":23,"column":null}},"3":{"start":{"line":27,"column":0},"end":{"line":27,"column":null}}},"fnMap":{"0":{"name":"(anonymous_6)","decl":{"start":{"line":4,"column":15},"end":{"line":4,"column":16}},"loc":{"start":{"line":5,"column":2},"end":{"line":23,"column":null}}}},"branchMap":{},"s":{"0":0,"1":0,"2":0,"3":0},"f":{"0":0},"b":{}}
,"/Users/tomaszantas/workspace/tari/applications/launchpad_v2/src/styles/Icons/ArrowBottom.tsx": {"path":"/Users/tomaszantas/workspace/tari/applications/launchpad_v2/src/styles/Icons/ArrowBottom.tsx","statementMap":{"0":{"start":{"line":1,"column":0},"end":{"line":1,"column":30}},"1":{"start":{"line":4,"column":23},"end":{"line":25,"column":null}},"2":{"start":{"line":5,"column":2},"end":{"line":24,"column":null}},"3":{"start":{"line":28,"column":0},"end":{"line":28,"column":null}}},"fnMap":{"0":{"name":"(anonymous_6)","decl":{"start":{"line":4,"column":23},"end":{"line":4,"column":24}},"loc":{"start":{"line":5,"column":2},"end":{"line":24,"column":null}}}},"branchMap":{},"s":{"0":0,"1":0,"2":0,"3":0},"f":{"0":0},"b":{}}
,"/Users/tomaszantas/workspace/tari/applications/launchpad_v2/src/styles/Icons/ArrowBottom1.tsx": {"path":"/Users/tomaszantas/workspace/tari/applications/launchpad_v2/src/styles/Icons/ArrowBottom1.tsx","statementMap":{"0":{"start":{"line":1,"column":0},"end":{"line":1,"column":30}},"1":{"start":{"line":4,"column":24},"end":{"line":20,"column":null}},"2":{"start":{"line":5,"column":2},"end":{"line":19,"column":null}},"3":{"start":{"line":23,"column":0},"end":{"line":23,"column":null}}},"fnMap":{"0":{"name":"(anonymous_6)","decl":{"start":{"line":4,"column":24},"end":{"line":4,"column":25}},"loc":{"start":{"line":5,"column":2},"end":{"line":19,"column":null}}}},"branchMap":{},"s":{"0":0,"1":0,"2":0,"3":0},"f":{"0":0},"b":{}}
,"/Users/tomaszantas/workspace/tari/applications/launchpad_v2/src/styles/Icons/ArrowBottom2.tsx": {"path":"/Users/tomaszantas/workspace/tari/applications/launchpad_v2/src/styles/Icons/ArrowBottom2.tsx","statementMap":{"0":{"start":{"line":1,"column":0},"end":{"line":1,"column":30}},"1":{"start":{"line":4,"column":24},"end":{"line":20,"column":null}},"2":{"start":{"line":5,"column":2},"end":{"line":19,"column":null}},"3":{"start":{"line":23,"column":0},"end":{"line":23,"column":null}}},"fnMap":{"0":{"name":"(anonymous_6)","decl":{"start":{"line":4,"column":24},"end":{"line":4,"column":25}},"loc":{"start":{"line":5,"column":2},"end":{"line":19,"column":null}}}},"branchMap":{},"s":{"0":0,"1":0,"2":0,"3":0},"f":{"0":0},"b":{}}
,"/Users/tomaszantas/workspace/tari/applications/launchpad_v2/src/styles/Icons/ArrowBottom3.tsx": {"path":"/Users/tomaszantas/workspace/tari/applications/launchpad_v2/src/styles/Icons/ArrowBottom3.tsx","statementMap":{"0":{"start":{"line":1,"column":0},"end":{"line":1,"column":30}},"1":{"start":{"line":4,"column":24},"end":{"line":25,"column":null}},"2":{"start":{"line":5,"column":2},"end":{"line":24,"column":null}},"3":{"start":{"line":28,"column":0},"end":{"line":28,"column":null}}},"fnMap":{"0":{"name":"(anonymous_6)","decl":{"start":{"line":4,"column":24},"end":{"line":4,"column":25}},"loc":{"start":{"line":5,"column":2},"end":{"line":24,"column":null}}}},"branchMap":{},"s":{"0":0,"1":0,"2":0,"3":0},"f":{"0":0},"b":{}}
,"/Users/tomaszantas/workspace/tari/applications/launchpad_v2/src/styles/Icons/ArrowLeft.tsx": {"path":"/Users/tomaszantas/workspace/tari/applications/launchpad_v2/src/styles/Icons/ArrowLeft.tsx","statementMap":{"0":{"start":{"line":1,"column":0},"end":{"line":1,"column":30}},"1":{"start":{"line":4,"column":21},"end":{"line":20,"column":null}},"2":{"start":{"line":5,"column":2},"end":{"line":19,"column":null}},"3":{"start":{"line":23,"column":0},"end":{"line":23,"column":null}}},"fnMap":{"0":{"name":"(anonymous_6)","decl":{"start":{"line":4,"column":21},"end":{"line":4,"column":22}},"loc":{"start":{"line":5,"column":2},"end":{"line":19,"column":null}}}},"branchMap":{},"s":{"0":0,"1":0,"2":0,"3":0},"f":{"0":0},"b":{}}
,"/Users/tomaszantas/workspace/tari/applications/launchpad_v2/src/styles/Icons/ArrowLeft1.tsx": {"path":"/Users/tomaszantas/workspace/tari/applications/launchpad_v2/src/styles/Icons/ArrowLeft1.tsx","statementMap":{"0":{"start":{"line":1,"column":0},"end":{"line":1,"column":30}},"1":{"start":{"line":4,"column":22},"end":{"line":25,"column":null}},"2":{"start":{"line":5,"column":2},"end":{"line":24,"column":null}},"3":{"start":{"line":28,"column":0},"end":{"line":28,"column":null}}},"fnMap":{"0":{"name":"(anonymous_6)","decl":{"start":{"line":4,"column":22},"end":{"line":4,"column":23}},"loc":{"start":{"line":5,"column":2},"end":{"line":24,"column":null}}}},"branchMap":{},"s":{"0":0,"1":0,"2":0,"3":0},"f":{"0":0},"b":{}}
,"/Users/tomaszantas/workspace/tari/applications/launchpad_v2/src/styles/Icons/ArrowRight.tsx": {"path":"/Users/tomaszantas/workspace/tari/applications/launchpad_v2/src/styles/Icons/ArrowRight.tsx","statementMap":{"0":{"start":{"line":1,"column":0},"end":{"line":1,"column":30}},"1":{"start":{"line":4,"column":22},"end":{"line":20,"column":null}},"2":{"start":{"line":5,"column":2},"end":{"line":19,"column":null}},"3":{"start":{"line":23,"column":0},"end":{"line":23,"column":null}}},"fnMap":{"0":{"name":"(anonymous_6)","decl":{"start":{"line":4,"column":22},"end":{"line":4,"column":23}},"loc":{"start":{"line":5,"column":2},"end":{"line":19,"column":null}}}},"branchMap":{},"s":{"0":0,"1":0,"2":0,"3":0},"f":{"0":0},"b":{}}
,"/Users/tomaszantas/workspace/tari/applications/launchpad_v2/src/styles/Icons/ArrowRight1.tsx": {"path":"/Users/tomaszantas/workspace/tari/applications/launchpad_v2/src/styles/Icons/ArrowRight1.tsx","statementMap":{"0":{"start":{"line":1,"column":0},"end":{"line":1,"column":30}},"1":{"start":{"line":4,"column":23},"end":{"line":25,"column":null}},"2":{"start":{"line":5,"column":2},"end":{"line":24,"column":null}},"3":{"start":{"line":28,"column":0},"end":{"line":28,"column":null}}},"fnMap":{"0":{"name":"(anonymous_6)","decl":{"start":{"line":4,"column":23},"end":{"line":4,"column":24}},"loc":{"start":{"line":5,"column":2},"end":{"line":24,"column":null}}}},"branchMap":{},"s":{"0":0,"1":0,"2":0,"3":0},"f":{"0":0},"b":{}}
,"/Users/tomaszantas/workspace/tari/applications/launchpad_v2/src/styles/Icons/ArrowRight2.tsx": {"path":"/Users/tomaszantas/workspace/tari/applications/launchpad_v2/src/styles/Icons/ArrowRight2.tsx","statementMap":{"0":{"start":{"line":1,"column":0},"end":{"line":1,"column":30}},"1":{"start":{"line":4,"column":23},"end":{"line":20,"column":null}},"2":{"start":{"line":5,"column":2},"end":{"line":19,"column":null}},"3":{"start":{"line":23,"column":0},"end":{"line":23,"column":null}}},"fnMap":{"0":{"name":"(anonymous_6)","decl":{"start":{"line":4,"column":23},"end":{"line":4,"column":24}},"loc":{"start":{"line":5,"column":2},"end":{"line":19,"column":null}}}},"branchMap":{},"s":{"0":0,"1":0,"2":0,"3":0},"f":{"0":0},"b":{}}
,"/Users/tomaszantas/workspace/tari/applications/launchpad_v2/src/styles/Icons/ArrowRight3.tsx": {"path":"/Users/tomaszantas/workspace/tari/applications/launchpad_v2/src/styles/Icons/ArrowRight3.tsx","statementMap":{"0":{"start":{"line":1,"column":0},"end":{"line":1,"column":30}},"1":{"start":{"line":4,"column":23},"end":{"line":25,"column":null}},"2":{"start":{"line":5,"column":2},"end":{"line":24,"column":null}},"3":{"start":{"line":28,"column":0},"end":{"line":28,"column":null}}},"fnMap":{"0":{"name":"(anonymous_6)","decl":{"start":{"line":4,"column":23},"end":{"line":4,"column":24}},"loc":{"start":{"line":5,"column":2},"end":{"line":24,"column":null}}}},"branchMap":{},"s":{"0":0,"1":0,"2":0,"3":0},"f":{"0":0},"b":{}}
,"/Users/tomaszantas/workspace/tari/applications/launchpad_v2/src/styles/Icons/ArrowSwap.tsx": {"path":"/Users/tomaszantas/workspace/tari/applications/launchpad_v2/src/styles/Icons/ArrowSwap.tsx","statementMap":{"0":{"start":{"line":1,"column":0},"end":{"line":1,"column":30}},"1":{"start":{"line":4,"column":21},"end":{"line":20,"column":null}},"2":{"start":{"line":5,"column":2},"end":{"line":19,"column":null}},"3":{"start":{"line":23,"column":0},"end":{"line":23,"column":null}}},"fnMap":{"0":{"name":"(anonymous_6)","decl":{"start":{"line":4,"column":21},"end":{"line":4,"column":22}},"loc":{"start":{"line":5,"column":2},"end":{"line":19,"column":null}}}},"branchMap":{},"s":{"0":0,"1":0,"2":0,"3":0},"f":{"0":0},"b":{}}
,"/Users/tomaszantas/workspace/tari/applications/launchpad_v2/src/styles/Icons/ArrowTop.tsx": {"path":"/Users/tomaszantas/workspace/tari/applications/launchpad_v2/src/styles/Icons/ArrowTop.tsx","statementMap":{"0":{"start":{"line":1,"column":0},"end":{"line":1,"column":30}},"1":{"start":{"line":4,"column":20},"end":{"line":25,"column":null}},"2":{"start":{"line":5,"column":2},"end":{"line":24,"column":null}},"3":{"start":{"line":28,"column":0},"end":{"line":28,"column":null}}},"fnMap":{"0":{"name":"(anonymous_6)","decl":{"start":{"line":4,"column":20},"end":{"line":4,"column":21}},"loc":{"start":{"line":5,"column":2},"end":{"line":24,"column":null}}}},"branchMap":{},"s":{"0":0,"1":0,"2":0,"3":0},"f":{"0":0},"b":{}}
,"/Users/tomaszantas/workspace/tari/applications/launchpad_v2/src/styles/Icons/ArrowTop1.tsx": {"path":"/Users/tomaszantas/workspace/tari/applications/launchpad_v2/src/styles/Icons/ArrowTop1.tsx","statementMap":{"0":{"start":{"line":1,"column":0},"end":{"line":1,"column":30}},"1":{"start":{"line":4,"column":21},"end":{"line":20,"column":null}},"2":{"start":{"line":5,"column":2},"end":{"line":19,"column":null}},"3":{"start":{"line":23,"column":0},"end":{"line":23,"column":null}}},"fnMap":{"0":{"name":"(anonymous_6)","decl":{"start":{"line":4,"column":21},"end":{"line":4,"column":22}},"loc":{"start":{"line":5,"column":2},"end":{"line":19,"column":null}}}},"branchMap":{},"s":{"0":0,"1":0,"2":0,"3":0},"f":{"0":0},"b":{}}
,"/Users/tomaszantas/workspace/tari/applications/launchpad_v2/src/styles/Icons/ArrowTop2.tsx": {"path":"/Users/tomaszantas/workspace/tari/applications/launchpad_v2/src/styles/Icons/ArrowTop2.tsx","statementMap":{"0":{"start":{"line":1,"column":0},"end":{"line":1,"column":30}},"1":{"start":{"line":4,"column":21},"end":{"line":20,"column":null}},"2":{"start":{"line":5,"column":2},"end":{"line":19,"column":null}},"3":{"start":{"line":23,"column":0},"end":{"line":23,"column":null}}},"fnMap":{"0":{"name":"(anonymous_6)","decl":{"start":{"line":4,"column":21},"end":{"line":4,"column":22}},"loc":{"start":{"line":5,"column":2},"end":{"line":19,"column":null}}}},"branchMap":{},"s":{"0":0,"1":0,"2":0,"3":0},"f":{"0":0},"b":{}}
,"/Users/tomaszantas/workspace/tari/applications/launchpad_v2/src/styles/Icons/ArrowTop3.tsx": {"path":"/Users/tomaszantas/workspace/tari/applications/launchpad_v2/src/styles/Icons/ArrowTop3.tsx","statementMap":{"0":{"start":{"line":1,"column":0},"end":{"line":1,"column":30}},"1":{"start":{"line":4,"column":21},"end":{"line":25,"column":null}},"2":{"start":{"line":5,"column":2},"end":{"line":24,"column":null}},"3":{"start":{"line":28,"column":0},"end":{"line":28,"column":null}}},"fnMap":{"0":{"name":"(anonymous_6)","decl":{"start":{"line":4,"column":21},"end":{"line":4,"column":22}},"loc":{"start":{"line":5,"column":2},"end":{"line":24,"column":null}}}},"branchMap":{},"s":{"0":0,"1":0,"2":0,"3":0},"f":{"0":0},"b":{}}
,"/Users/tomaszantas/workspace/tari/applications/launchpad_v2/src/styles/Icons/Award.tsx": {"path":"/Users/tomaszantas/workspace/tari/applications/launchpad_v2/src/styles/Icons/Award.tsx","statementMap":{"0":{"start":{"line":1,"column":0},"end":{"line":1,"column":30}},"1":{"start":{"line":4,"column":17},"end":{"line":18,"column":null}},"2":{"start":{"line":5,"column":2},"end":{"line":17,"column":null}},"3":{"start":{"line":21,"column":0},"end":{"line":21,"column":null}}},"fnMap":{"0":{"name":"(anonymous_6)","decl":{"start":{"line":4,"column":17},"end":{"line":4,"column":18}},"loc":{"start":{"line":5,"column":2},"end":{"line":17,"column":null}}}},"branchMap":{},"s":{"0":0,"1":0,"2":0,"3":0},"f":{"0":0},"b":{}}
,"/Users/tomaszantas/workspace/tari/applications/launchpad_v2/src/styles/Icons/Bag.tsx": {"path":"/Users/tomaszantas/workspace/tari/applications/launchpad_v2/src/styles/Icons/Bag.tsx","statementMap":{"0":{"start":{"line":1,"column":0},"end":{"line":1,"column":30}},"1":{"start":{"line":4,"column":15},"end":{"line":17,"column":null}},"2":{"start":{"line":5,"column":2},"end":{"line":16,"column":null}},"3":{"start":{"line":20,"column":0},"end":{"line":20,"column":null}}},"fnMap":{"0":{"name":"(anonymous_6)","decl":{"start":{"line":4,"column":15},"end":{"line":4,"column":16}},"loc":{"start":{"line":5,"column":2},"end":{"line":16,"column":null}}}},"branchMap":{},"s":{"0":0,"1":0,"2":0,"3":0},"f":{"0":0},"b":{}}
,"/Users/tomaszantas/workspace/tari/applications/launchpad_v2/src/styles/Icons/Bag2.tsx": {"path":"/Users/tomaszantas/workspace/tari/applications/launchpad_v2/src/styles/Icons/Bag2.tsx","statementMap":{"0":{"start":{"line":1,"column":0},"end":{"line":1,"column":30}},"1":{"start":{"line":4,"column":16},"end":{"line":24,"column":null}},"2":{"start":{"line":5,"column":2},"end":{"line":23,"column":null}},"3":{"start":{"line":27,"column":0},"end":{"line":27,"column":null}}},"fnMap":{"0":{"name":"(anonymous_6)","decl":{"start":{"line":4,"column":16},"end":{"line":4,"column":17}},"loc":{"start":{"line":5,"column":2},"end":{"line":23,"column":null}}}},"branchMap":{},"s":{"0":0,"1":0,"2":0,"3":0},"f":{"0":0},"b":{}}
,"/Users/tomaszantas/workspace/tari/applications/launchpad_v2/src/styles/Icons/Battery.tsx": {"path":"/Users/tomaszantas/workspace/tari/applications/launchpad_v2/src/styles/Icons/Battery.tsx","statementMap":{"0":{"start":{"line":1,"column":0},"end":{"line":1,"column":30}},"1":{"start":{"line":4,"column":19},"end":{"line":17,"column":null}},"2":{"start":{"line":5,"column":2},"end":{"line":16,"column":null}},"3":{"start":{"line":20,"column":0},"end":{"line":20,"column":null}}},"fnMap":{"0":{"name":"(anonymous_6)","decl":{"start":{"line":4,"column":19},"end":{"line":4,"column":20}},"loc":{"start":{"line":5,"column":2},"end":{"line":16,"column":null}}}},"branchMap":{},"s":{"0":0,"1":0,"2":0,"3":0},"f":{"0":0},"b":{}}
,"/Users/tomaszantas/workspace/tari/applications/launchpad_v2/src/styles/Icons/Calendar.tsx": {"path":"/Users/tomaszantas/workspace/tari/applications/launchpad_v2/src/styles/Icons/Calendar.tsx","statementMap":{"0":{"start":{"line":1,"column":0},"end":{"line":1,"column":30}},"1":{"start":{"line":4,"column":20},"end":{"line":30,"column":null}},"2":{"start":{"line":5,"column":2},"end":{"line":29,"column":null}},"3":{"start":{"line":33,"column":0},"end":{"line":33,"column":null}}},"fnMap":{"0":{"name":"(anonymous_6)","decl":{"start":{"line":4,"column":20},"end":{"line":4,"column":21}},"loc":{"start":{"line":5,"column":2},"end":{"line":29,"column":null}}}},"branchMap":{},"s":{"0":0,"1":0,"2":0,"3":0},"f":{"0":0},"b":{}}
,"/Users/tomaszantas/workspace/tari/applications/launchpad_v2/src/styles/Icons/CallCalling.tsx": {"path":"/Users/tomaszantas/workspace/tari/applications/launchpad_v2/src/styles/Icons/CallCalling.tsx","statementMap":{"0":{"start":{"line":1,"column":0},"end":{"line":1,"column":30}},"1":{"start":{"line":4,"column":23},"end":{"line":25,"column":null}},"2":{"start":{"line":5,"column":2},"end":{"line":24,"column":null}},"3":{"start":{"line":28,"column":0},"end":{"line":28,"column":null}}},"fnMap":{"0":{"name":"(anonymous_6)","decl":{"start":{"line":4,"column":23},"end":{"line":4,"column":24}},"loc":{"start":{"line":5,"column":2},"end":{"line":24,"column":null}}}},"branchMap":{},"s":{"0":0,"1":0,"2":0,"3":0},"f":{"0":0},"b":{}}
,"/Users/tomaszantas/workspace/tari/applications/launchpad_v2/src/styles/Icons/CallMuted.tsx": {"path":"/Users/tomaszantas/workspace/tari/applications/launchpad_v2/src/styles/Icons/CallMuted.tsx","statementMap":{"0":{"start":{"line":1,"column":0},"end":{"line":1,"column":30}},"1":{"start":{"line":4,"column":21},"end":{"line":24,"column":null}},"2":{"start":{"line":5,"column":2},"end":{"line":23,"column":null}},"3":{"start":{"line":27,"column":0},"end":{"line":27,"column":null}}},"fnMap":{"0":{"name":"(anonymous_6)","decl":{"start":{"line":4,"column":21},"end":{"line":4,"column":22}},"loc":{"start":{"line":5,"column":2},"end":{"line":23,"column":null}}}},"branchMap":{},"s":{"0":0,"1":0,"2":0,"3":0},"f":{"0":0},"b":{}}
,"/Users/tomaszantas/workspace/tari/applications/launchpad_v2/src/styles/Icons/CallSlash.tsx": {"path":"/Users/tomaszantas/workspace/tari/applications/launchpad_v2/src/styles/Icons/CallSlash.tsx","statementMap":{"0":{"start":{"line":1,"column":0},"end":{"line":1,"column":30}},"1":{"start":{"line":4,"column":21},"end":{"line":28,"column":null}},"2":{"start":{"line":5,"column":2},"end":{"line":27,"column":null}},"3":{"start":{"line":31,"column":0},"end":{"line":31,"column":null}}},"fnMap":{"0":{"name":"(anonymous_6)","decl":{"start":{"line":4,"column":21},"end":{"line":4,"column":22}},"loc":{"start":{"line":5,"column":2},"end":{"line":27,"column":null}}}},"branchMap":{},"s":{"0":0,"1":0,"2":0,"3":0},"f":{"0":0},"b":{}}
,"/Users/tomaszantas/workspace/tari/applications/launchpad_v2/src/styles/Icons/Camera.tsx": {"path":"/Users/tomaszantas/workspace/tari/applications/launchpad_v2/src/styles/Icons/Camera.tsx","statementMap":{"0":{"start":{"line":1,"column":0},"end":{"line":1,"column":30}},"1":{"start":{"line":4,"column":18},"end":{"line":24,"column":null}},"2":{"start":{"line":5,"column":2},"end":{"line":23,"column":null}},"3":{"start":{"line":27,"column":0},"end":{"line":27,"column":null}}},"fnMap":{"0":{"name":"(anonymous_6)","decl":{"start":{"line":4,"column":18},"end":{"line":4,"column":19}},"loc":{"start":{"line":5,"column":2},"end":{"line":23,"column":null}}}},"branchMap":{},"s":{"0":0,"1":0,"2":0,"3":0},"f":{"0":0},"b":{}}
,"/Users/tomaszantas/workspace/tari/applications/launchpad_v2/src/styles/Icons/CameraSlash.tsx": {"path":"/Users/tomaszantas/workspace/tari/applications/launchpad_v2/src/styles/Icons/CameraSlash.tsx","statementMap":{"0":{"start":{"line":1,"column":0},"end":{"line":1,"column":30}},"1":{"start":{"line":4,"column":23},"end":{"line":17,"column":null}},"2":{"start":{"line":5,"column":2},"end":{"line":16,"column":null}},"3":{"start":{"line":20,"column":0},"end":{"line":20,"column":null}}},"fnMap":{"0":{"name":"(anonymous_6)","decl":{"start":{"line":4,"column":23},"end":{"line":4,"column":24}},"loc":{"start":{"line":5,"column":2},"end":{"line":16,"column":null}}}},"branchMap":{},"s":{"0":0,"1":0,"2":0,"3":0},"f":{"0":0},"b":{}}
,"/Users/tomaszantas/workspace/tari/applications/launchpad_v2/src/styles/Icons/Card.tsx": {"path":"/Users/tomaszantas/workspace/tari/applications/launchpad_v2/src/styles/Icons/Card.tsx","statementMap":{"0":{"start":{"line":1,"column":0},"end":{"line":1,"column":30}},"1":{"start":{"line":4,"column":16},"end":{"line":24,"column":null}},"2":{"start":{"line":5,"column":2},"end":{"line":23,"column":null}},"3":{"start":{"line":27,"column":0},"end":{"line":27,"column":null}}},"fnMap":{"0":{"name":"(anonymous_6)","decl":{"start":{"line":4,"column":16},"end":{"line":4,"column":17}},"loc":{"start":{"line":5,"column":2},"end":{"line":23,"column":null}}}},"branchMap":{},"s":{"0":0,"1":0,"2":0,"3":0},"f":{"0":0},"b":{}}
,"/Users/tomaszantas/workspace/tari/applications/launchpad_v2/src/styles/Icons/Charge.tsx": {"path":"/Users/tomaszantas/workspace/tari/applications/launchpad_v2/src/styles/Icons/Charge.tsx","statementMap":{"0":{"start":{"line":1,"column":0},"end":{"line":1,"column":30}},"1":{"start":{"line":4,"column":18},"end":{"line":17,"column":null}},"2":{"start":{"line":5,"column":2},"end":{"line":16,"column":null}},"3":{"start":{"line":20,"column":0},"end":{"line":20,"column":null}}},"fnMap":{"0":{"name":"(anonymous_6)","decl":{"start":{"line":4,"column":18},"end":{"line":4,"column":19}},"loc":{"start":{"line":5,"column":2},"end":{"line":16,"column":null}}}},"branchMap":{},"s":{"0":0,"1":0,"2":0,"3":0},"f":{"0":0},"b":{}}
,"/Users/tomaszantas/workspace/tari/applications/launchpad_v2/src/styles/Icons/Chart.tsx": {"path":"/Users/tomaszantas/workspace/tari/applications/launchpad_v2/src/styles/Icons/Chart.tsx","statementMap":{"0":{"start":{"line":1,"column":0},"end":{"line":1,"column":30}},"1":{"start":{"line":4,"column":17},"end":{"line":17,"column":null}},"2":{"start":{"line":5,"column":2},"end":{"line":16,"column":null}},"3":{"start":{"line":20,"column":0},"end":{"line":20,"column":null}}},"fnMap":{"0":{"name":"(anonymous_6)","decl":{"start":{"line":4,"column":17},"end":{"line":4,"column":18}},"loc":{"start":{"line":5,"column":2},"end":{"line":16,"column":null}}}},"branchMap":{},"s":{"0":0,"1":0,"2":0,"3":0},"f":{"0":0},"b":{}}
,"/Users/tomaszantas/workspace/tari/applications/launchpad_v2/src/styles/Icons/Check.tsx": {"path":"/Users/tomaszantas/workspace/tari/applications/launchpad_v2/src/styles/Icons/Check.tsx","statementMap":{"0":{"start":{"line":1,"column":0},"end":{"line":1,"column":30}},"1":{"start":{"line":4,"column":17},"end":{"line":25,"column":null}},"2":{"start":{"line":5,"column":2},"end":{"line":24,"column":null}},"3":{"start":{"line":28,"column":0},"end":{"line":28,"column":null}}},"fnMap":{"0":{"name":"(anonymous_6)","decl":{"start":{"line":4,"column":17},"end":{"line":4,"column":18}},"loc":{"start":{"line":5,"column":2},"end":{"line":24,"column":null}}}},"branchMap":{},"s":{"0":0,"1":0,"2":0,"3":0},"f":{"0":0},"b":{}}
,"/Users/tomaszantas/workspace/tari/applications/launchpad_v2/src/styles/Icons/Checklist.tsx": {"path":"/Users/tomaszantas/workspace/tari/applications/launchpad_v2/src/styles/Icons/Checklist.tsx","statementMap":{"0":{"start":{"line":1,"column":0},"end":{"line":1,"column":30}},"1":{"start":{"line":4,"column":21},"end":{"line":17,"column":null}},"2":{"start":{"line":5,"column":2},"end":{"line":16,"column":null}},"3":{"start":{"line":20,"column":0},"end":{"line":20,"column":null}}},"fnMap":{"0":{"name":"(anonymous_6)","decl":{"start":{"line":4,"column":21},"end":{"line":4,"column":22}},"loc":{"start":{"line":5,"column":2},"end":{"line":16,"column":null}}}},"branchMap":{},"s":{"0":0,"1":0,"2":0,"3":0},"f":{"0":0},"b":{}}
,"/Users/tomaszantas/workspace/tari/applications/launchpad_v2/src/styles/Icons/Clock.tsx": {"path":"/Users/tomaszantas/workspace/tari/applications/launchpad_v2/src/styles/Icons/Clock.tsx","statementMap":{"0":{"start":{"line":1,"column":0},"end":{"line":1,"column":30}},"1":{"start":{"line":4,"column":17},"end":{"line":25,"column":null}},"2":{"start":{"line":5,"column":2},"end":{"line":24,"column":null}},"3":{"start":{"line":28,"column":0},"end":{"line":28,"column":null}}},"fnMap":{"0":{"name":"(anonymous_6)","decl":{"start":{"line":4,"column":17},"end":{"line":4,"column":18}},"loc":{"start":{"line":5,"column":2},"end":{"line":24,"column":null}}}},"branchMap":{},"s":{"0":0,"1":0,"2":0,"3":0},"f":{"0":0},"b":{}}
,"/Users/tomaszantas/workspace/tari/applications/launchpad_v2/src/styles/Icons/Close.tsx": {"path":"/Users/tomaszantas/workspace/tari/applications/launchpad_v2/src/styles/Icons/Close.tsx","statementMap":{"0":{"start":{"line":1,"column":0},"end":{"line":1,"column":30}},"1":{"start":{"line":4,"column":17},"end":{"line":24,"column":null}},"2":{"start":{"line":5,"column":2},"end":{"line":23,"column":null}},"3":{"start":{"line":27,"column":0},"end":{"line":27,"column":null}}},"fnMap":{"0":{"name":"(anonymous_6)","decl":{"start":{"line":4,"column":17},"end":{"line":4,"column":18}},"loc":{"start":{"line":5,"column":2},"end":{"line":23,"column":null}}}},"branchMap":{},"s":{"0":0,"1":0,"2":0,"3":0},"f":{"0":0},"b":{}}
,"/Users/tomaszantas/workspace/tari/applications/launchpad_v2/src/styles/Icons/CloseCross.tsx": {"path":"/Users/tomaszantas/workspace/tari/applications/launchpad_v2/src/styles/Icons/CloseCross.tsx","statementMap":{"0":{"start":{"line":1,"column":0},"end":{"line":1,"column":30}},"1":{"start":{"line":4,"column":22},"end":{"line":12,"column":null}},"2":{"start":{"line":5,"column":2},"end":{"line":11,"column":null}},"3":{"start":{"line":15,"column":0},"end":{"line":15,"column":null}}},"fnMap":{"0":{"name":"(anonymous_6)","decl":{"start":{"line":4,"column":22},"end":{"line":4,"column":23}},"loc":{"start":{"line":5,"column":2},"end":{"line":11,"column":null}}}},"branchMap":{},"s":{"0":2,"1":2,"2":4,"3":2},"f":{"0":4},"b":{}}
,"/Users/tomaszantas/workspace/tari/applications/launchpad_v2/src/styles/Icons/Cloud.tsx": {"path":"/Users/tomaszantas/workspace/tari/applications/launchpad_v2/src/styles/Icons/Cloud.tsx","statementMap":{"0":{"start":{"line":1,"column":0},"end":{"line":1,"column":30}},"1":{"start":{"line":4,"column":17},"end":{"line":18,"column":null}},"2":{"start":{"line":5,"column":2},"end":{"line":17,"column":null}},"3":{"start":{"line":21,"column":0},"end":{"line":21,"column":null}}},"fnMap":{"0":{"name":"(anonymous_6)","decl":{"start":{"line":4,"column":17},"end":{"line":4,"column":18}},"loc":{"start":{"line":5,"column":2},"end":{"line":17,"column":null}}}},"branchMap":{},"s":{"0":0,"1":0,"2":0,"3":0},"f":{"0":0},"b":{}}
,"/Users/tomaszantas/workspace/tari/applications/launchpad_v2/src/styles/Icons/Cloud1.tsx": {"path":"/Users/tomaszantas/workspace/tari/applications/launchpad_v2/src/styles/Icons/Cloud1.tsx","statementMap":{"0":{"start":{"line":1,"column":0},"end":{"line":1,"column":30}},"1":{"start":{"line":4,"column":18},"end":{"line":18,"column":null}},"2":{"start":{"line":5,"column":2},"end":{"line":17,"column":null}},"3":{"start":{"line":21,"column":0},"end":{"line":21,"column":null}}},"fnMap":{"0":{"name":"(anonymous_6)","decl":{"start":{"line":4,"column":18},"end":{"line":4,"column":19}},"loc":{"start":{"line":5,"column":2},"end":{"line":17,"column":null}}}},"branchMap":{},"s":{"0":0,"1":0,"2":0,"3":0},"f":{"0":0},"b":{}}
,"/Users/tomaszantas/workspace/tari/applications/launchpad_v2/src/styles/Icons/CloudDrizzle.tsx": {"path":"/Users/tomaszantas/workspace/tari/applications/launchpad_v2/src/styles/Icons/CloudDrizzle.tsx","statementMap":{"0":{"start":{"line":1,"column":0},"end":{"line":1,"column":30}},"1":{"start":{"line":4,"column":24},"end":{"line":19,"column":null}},"2":{"start":{"line":5,"column":2},"end":{"line":18,"column":null}},"3":{"start":{"line":22,"column":0},"end":{"line":22,"column":null}}},"fnMap":{"0":{"name":"(anonymous_6)","decl":{"start":{"line":4,"column":24},"end":{"line":4,"column":25}},"loc":{"start":{"line":5,"column":2},"end":{"line":18,"column":null}}}},"branchMap":{},"s":{"0":0,"1":0,"2":0,"3":0},"f":{"0":0},"b":{}}
,"/Users/tomaszantas/workspace/tari/applications/launchpad_v2/src/styles/Icons/CloudLightning.tsx": {"path":"/Users/tomaszantas/workspace/tari/applications/launchpad_v2/src/styles/Icons/CloudLightning.tsx","statementMap":{"0":{"start":{"line":1,"column":0},"end":{"line":1,"column":30}},"1":{"start":{"line":4,"column":26},"end":{"line":26,"column":null}},"2":{"start":{"line":5,"column":2},"end":{"line":25,"column":null}},"3":{"start":{"line":29,"column":0},"end":{"line":29,"column":null}}},"fnMap":{"0":{"name":"(anonymous_6)","decl":{"start":{"line":4,"column":26},"end":{"line":4,"column":27}},"loc":{"start":{"line":5,"column":2},"end":{"line":25,"column":null}}}},"branchMap":{},"s":{"0":0,"1":0,"2":0,"3":0},"f":{"0":0},"b":{}}
,"/Users/tomaszantas/workspace/tari/applications/launchpad_v2/src/styles/Icons/Comparison.tsx": {"path":"/Users/tomaszantas/workspace/tari/applications/launchpad_v2/src/styles/Icons/Comparison.tsx","statementMap":{"0":{"start":{"line":1,"column":0},"end":{"line":1,"column":30}},"1":{"start":{"line":4,"column":22},"end":{"line":19,"column":null}},"2":{"start":{"line":5,"column":2},"end":{"line":18,"column":null}},"3":{"start":{"line":22,"column":0},"end":{"line":22,"column":null}}},"fnMap":{"0":{"name":"(anonymous_6)","decl":{"start":{"line":4,"column":22},"end":{"line":4,"column":23}},"loc":{"start":{"line":5,"column":2},"end":{"line":18,"column":null}}}},"branchMap":{},"s":{"0":0,"1":0,"2":0,"3":0},"f":{"0":0},"b":{}}
,"/Users/tomaszantas/workspace/tari/applications/launchpad_v2/src/styles/Icons/Copy.tsx": {"path":"/Users/tomaszantas/workspace/tari/applications/launchpad_v2/src/styles/Icons/Copy.tsx","statementMap":{"0":{"start":{"line":1,"column":0},"end":{"line":1,"column":30}},"1":{"start":{"line":4,"column":16},"end":{"line":18,"column":null}},"2":{"start":{"line":5,"column":2},"end":{"line":17,"column":null}},"3":{"start":{"line":21,"column":0},"end":{"line":21,"column":null}}},"fnMap":{"0":{"name":"(anonymous_6)","decl":{"start":{"line":4,"column":16},"end":{"line":4,"column":17}},"loc":{"start":{"line":5,"column":2},"end":{"line":17,"column":null}}}},"branchMap":{},"s":{"0":0,"1":0,"2":0,"3":0},"f":{"0":0},"b":{}}
,"/Users/tomaszantas/workspace/tari/applications/launchpad_v2/src/styles/Icons/Cpu.tsx": {"path":"/Users/tomaszantas/workspace/tari/applications/launchpad_v2/src/styles/Icons/Cpu.tsx","statementMap":{"0":{"start":{"line":1,"column":0},"end":{"line":1,"column":30}},"1":{"start":{"line":4,"column":15},"end":{"line":24,"column":null}},"2":{"start":{"line":5,"column":2},"end":{"line":23,"column":null}},"3":{"start":{"line":27,"column":0},"end":{"line":27,"column":null}}},"fnMap":{"0":{"name":"(anonymous_6)","decl":{"start":{"line":4,"column":15},"end":{"line":4,"column":16}},"loc":{"start":{"line":5,"column":2},"end":{"line":23,"column":null}}}},"branchMap":{},"s":{"0":0,"1":0,"2":0,"3":0},"f":{"0":0},"b":{}}
,"/Users/tomaszantas/workspace/tari/applications/launchpad_v2/src/styles/Icons/Cup.tsx": {"path":"/Users/tomaszantas/workspace/tari/applications/launchpad_v2/src/styles/Icons/Cup.tsx","statementMap":{"0":{"start":{"line":1,"column":0},"end":{"line":1,"column":30}},"1":{"start":{"line":4,"column":15},"end":{"line":23,"column":null}},"2":{"start":{"line":5,"column":2},"end":{"line":22,"column":null}},"3":{"start":{"line":26,"column":0},"end":{"line":26,"column":null}}},"fnMap":{"0":{"name":"(anonymous_6)","decl":{"start":{"line":4,"column":15},"end":{"line":4,"column":16}},"loc":{"start":{"line":5,"column":2},"end":{"line":22,"column":null}}}},"branchMap":{},"s":{"0":0,"1":0,"2":0,"3":0},"f":{"0":0},"b":{}}
,"/Users/tomaszantas/workspace/tari/applications/launchpad_v2/src/styles/Icons/Discovery.tsx": {"path":"/Users/tomaszantas/workspace/tari/applications/launchpad_v2/src/styles/Icons/Discovery.tsx","statementMap":{"0":{"start":{"line":1,"column":0},"end":{"line":1,"column":30}},"1":{"start":{"line":4,"column":21},"end":{"line":25,"column":null}},"2":{"start":{"line":5,"column":2},"end":{"line":24,"column":null}},"3":{"start":{"line":28,"column":0},"end":{"line":28,"column":null}}},"fnMap":{"0":{"name":"(anonymous_6)","decl":{"start":{"line":4,"column":21},"end":{"line":4,"column":22}},"loc":{"start":{"line":5,"column":2},"end":{"line":24,"column":null}}}},"branchMap":{},"s":{"0":0,"1":0,"2":0,"3":0},"f":{"0":0},"b":{}}
,"/Users/tomaszantas/workspace/tari/applications/launchpad_v2/src/styles/Icons/Document.tsx": {"path":"/Users/tomaszantas/workspace/tari/applications/launchpad_v2/src/styles/Icons/Document.tsx","statementMap":{"0":{"start":{"line":1,"column":0},"end":{"line":1,"column":30}},"1":{"start":{"line":4,"column":20},"end":{"line":24,"column":null}},"2":{"start":{"line":5,"column":2},"end":{"line":23,"column":null}},"3":{"start":{"line":27,"column":0},"end":{"line":27,"column":null}}},"fnMap":{"0":{"name":"(anonymous_6)","decl":{"start":{"line":4,"column":20},"end":{"line":4,"column":21}},"loc":{"start":{"line":5,"column":2},"end":{"line":23,"column":null}}}},"branchMap":{},"s":{"0":0,"1":0,"2":0,"3":0},"f":{"0":0},"b":{}}
,"/Users/tomaszantas/workspace/tari/applications/launchpad_v2/src/styles/Icons/Dollar.tsx": {"path":"/Users/tomaszantas/workspace/tari/applications/launchpad_v2/src/styles/Icons/Dollar.tsx","statementMap":{"0":{"start":{"line":1,"column":0},"end":{"line":1,"column":30}},"1":{"start":{"line":4,"column":18},"end":{"line":24,"column":null}},"2":{"start":{"line":5,"column":2},"end":{"line":23,"column":null}},"3":{"start":{"line":27,"column":0},"end":{"line":27,"column":null}}},"fnMap":{"0":{"name":"(anonymous_6)","decl":{"start":{"line":4,"column":18},"end":{"line":4,"column":19}},"loc":{"start":{"line":5,"column":2},"end":{"line":23,"column":null}}}},"branchMap":{},"s":{"0":0,"1":0,"2":0,"3":0},"f":{"0":0},"b":{}}
,"/Users/tomaszantas/workspace/tari/applications/launchpad_v2/src/styles/Icons/Edit.tsx": {"path":"/Users/tomaszantas/workspace/tari/applications/launchpad_v2/src/styles/Icons/Edit.tsx","statementMap":{"0":{"start":{"line":1,"column":0},"end":{"line":1,"column":30}},"1":{"start":{"line":4,"column":16},"end":{"line":24,"column":null}},"2":{"start":{"line":5,"column":2},"end":{"line":23,"column":null}},"3":{"start":{"line":27,"column":0},"end":{"line":27,"column":null}}},"fnMap":{"0":{"name":"(anonymous_6)","decl":{"start":{"line":4,"column":16},"end":{"line":4,"column":17}},"loc":{"start":{"line":5,"column":2},"end":{"line":23,"column":null}}}},"branchMap":{},"s":{"0":0,"1":0,"2":0,"3":0},"f":{"0":0},"b":{}}
,"/Users/tomaszantas/workspace/tari/applications/launchpad_v2/src/styles/Icons/Edit1.tsx": {"path":"/Users/tomaszantas/workspace/tari/applications/launchpad_v2/src/styles/Icons/Edit1.tsx","statementMap":{"0":{"start":{"line":1,"column":0},"end":{"line":1,"column":30}},"1":{"start":{"line":4,"column":17},"end":{"line":25,"column":null}},"2":{"start":{"line":5,"column":2},"end":{"line":24,"column":null}},"3":{"start":{"line":28,"column":0},"end":{"line":28,"column":null}}},"fnMap":{"0":{"name":"(anonymous_6)","decl":{"start":{"line":4,"column":17},"end":{"line":4,"column":18}},"loc":{"start":{"line":5,"column":2},"end":{"line":24,"column":null}}}},"branchMap":{},"s":{"0":0,"1":0,"2":0,"3":0},"f":{"0":0},"b":{}}
,"/Users/tomaszantas/workspace/tari/applications/launchpad_v2/src/styles/Icons/Edit2.tsx": {"path":"/Users/tomaszantas/workspace/tari/applications/launchpad_v2/src/styles/Icons/Edit2.tsx","statementMap":{"0":{"start":{"line":1,"column":0},"end":{"line":1,"column":30}},"1":{"start":{"line":4,"column":17},"end":{"line":18,"column":null}},"2":{"start":{"line":5,"column":2},"end":{"line":17,"column":null}},"3":{"start":{"line":21,"column":0},"end":{"line":21,"column":null}}},"fnMap":{"0":{"name":"(anonymous_6)","decl":{"start":{"line":4,"column":17},"end":{"line":4,"column":18}},"loc":{"start":{"line":5,"column":2},"end":{"line":17,"column":null}}}},"branchMap":{},"s":{"0":0,"1":0,"2":0,"3":0},"f":{"0":0},"b":{}}
,"/Users/tomaszantas/workspace/tari/applications/launchpad_v2/src/styles/Icons/Edit3.tsx": {"path":"/Users/tomaszantas/workspace/tari/applications/launchpad_v2/src/styles/Icons/Edit3.tsx","statementMap":{"0":{"start":{"line":1,"column":0},"end":{"line":1,"column":30}},"1":{"start":{"line":4,"column":17},"end":{"line":23,"column":null}},"2":{"start":{"line":5,"column":2},"end":{"line":22,"column":null}},"3":{"start":{"line":26,"column":0},"end":{"line":26,"column":null}}},"fnMap":{"0":{"name":"(anonymous_6)","decl":{"start":{"line":4,"column":17},"end":{"line":4,"column":18}},"loc":{"start":{"line":5,"column":2},"end":{"line":22,"column":null}}}},"branchMap":{},"s":{"0":0,"1":0,"2":0,"3":0},"f":{"0":0},"b":{}}
,"/Users/tomaszantas/workspace/tari/applications/launchpad_v2/src/styles/Icons/Export.tsx": {"path":"/Users/tomaszantas/workspace/tari/applications/launchpad_v2/src/styles/Icons/Export.tsx","statementMap":{"0":{"start":{"line":1,"column":0},"end":{"line":1,"column":30}},"1":{"start":{"line":4,"column":18},"end":{"line":26,"column":null}},"2":{"start":{"line":5,"column":2},"end":{"line":25,"column":null}},"3":{"start":{"line":29,"column":0},"end":{"line":29,"column":null}}},"fnMap":{"0":{"name":"(anonymous_6)","decl":{"start":{"line":4,"column":18},"end":{"line":4,"column":19}},"loc":{"start":{"line":5,"column":2},"end":{"line":25,"column":null}}}},"branchMap":{},"s":{"0":0,"1":0,"2":0,"3":0},"f":{"0":0},"b":{}}
[...]
,"/Users/tomaszantas/workspace/tari/applications/launchpad_v2/src/styles/Icons/Trash2.tsx": {"path":"/Users/tomaszantas/workspace/tari/applications/launchpad_v2/src/styles/Icons/Trash2.tsx","statementMap":{"0":{"start":{"line":1,"column":0},"end":{"line":1,"column":30}},"1":{"start":{"line":4,"column":18},"end":{"line":23,"column":null}},"2":{"start":{"line":5,"column":2},"end":{"line":22,"column":null}},"3":{"start":{"line":26,"column":0},"end":{"line":26,"column":null}}},"fnMap":{"0":{"name":"(anonymous_6)","decl":{"start":{"line":4,"column":18},"end":{"line":4,"column":19}},"loc":{"start":{"line":5,"column":2},"end":{"line":22,"column":null}}}},"branchMap":{},"s":{"0":0,"1":0,"2":0,"3":0},"f":{"0":0},"b":{}}
,"/Users/tomaszantas/workspace/tari/applications/launchpad_v2/src/styles/Icons/TurnOff.tsx": {"path":"/Users/tomaszantas/workspace/tari/applications/launchpad_v2/src/styles/Icons/TurnOff.tsx","statementMap":{"0":{"start":{"line":1,"column":0},"end":{"line":1,"column":30}},"1":{"start":{"line":4,"column":19},"end":{"line":19,"column":null}},"2":{"start":{"line":5,"column":2},"end":{"line":18,"column":null}},"3":{"start":{"line":22,"column":0},"end":{"line":22,"column":null}}},"fnMap":{"0":{"name":"(anonymous_6)","decl":{"start":{"line":4,"column":19},"end":{"line":4,"column":20}},"loc":{"start":{"line":5,"column":2},"end":{"line":18,"column":null}}}},"branchMap":{},"s":{"0":0,"1":0,"2":0,"3":0},"f":{"0":0},"b":{}}
,"/Users/tomaszantas/workspace/tari/applications/launchpad_v2/src/styles/Icons/Tv.tsx": {"path":"/Users/tomaszantas/workspace/tari/applications/launchpad_v2/src/styles/Icons/Tv.tsx","statementMap":{"0":{"start":{"line":1,"column":0},"end":{"line":1,"column":30}},"1":{"start":{"line":4,"column":14},"end":{"line":17,"column":null}},"2":{"start":{"line":5,"column":2},"end":{"line":16,"column":null}},"3":{"start":{"line":20,"column":0},"end":{"line":20,"column":null}}},"fnMap":{"0":{"name":"(anonymous_6)","decl":{"start":{"line":4,"column":14},"end":{"line":4,"column":15}},"loc":{"start":{"line":5,"column":2},"end":{"line":16,"column":null}}}},"branchMap":{},"s":{"0":0,"1":0,"2":0,"3":0},"f":{"0":0},"b":{}}
,"/Users/tomaszantas/workspace/tari/applications/launchpad_v2/src/styles/Icons/TwoUser.tsx": {"path":"/Users/tomaszantas/workspace/tari/applications/launchpad_v2/src/styles/Icons/TwoUser.tsx","statementMap":{"0":{"start":{"line":1,"column":0},"end":{"line":1,"column":30}},"1":{"start":{"line":4,"column":19},"end":{"line":24,"column":null}},"2":{"start":{"line":5,"column":2},"end":{"line":23,"column":null}},"3":{"start":{"line":27,"column":0},"end":{"line":27,"column":null}}},"fnMap":{"0":{"name":"(anonymous_6)","decl":{"start":{"line":4,"column":19},"end":{"line":4,"column":20}},"loc":{"start":{"line":5,"column":2},"end":{"line":23,"column":null}}}},"branchMap":{},"s":{"0":0,"1":0,"2":0,"3":0},"f":{"0":0},"b":{}}
,"/Users/tomaszantas/workspace/tari/applications/launchpad_v2/src/styles/Icons/Unlock.tsx": {"path":"/Users/tomaszantas/workspace/tari/applications/launchpad_v2/src/styles/Icons/Unlock.tsx","statementMap":{"0":{"start":{"line":1,"column":0},"end":{"line":1,"column":30}},"1":{"start":{"line":4,"column":18},"end":{"line":23,"column":null}},"2":{"start":{"line":5,"column":2},"end":{"line":22,"column":null}},"3":{"start":{"line":26,"column":0},"end":{"line":26,"column":null}}},"fnMap":{"0":{"name":"(anonymous_6)","decl":{"start":{"line":4,"column":18},"end":{"line":4,"column":19}},"loc":{"start":{"line":5,"column":2},"end":{"line":22,"column":null}}}},"branchMap":{},"s":{"0":0,"1":0,"2":0,"3":0},"f":{"0":0},"b":{}}
,"/Users/tomaszantas/workspace/tari/applications/launchpad_v2/src/styles/Icons/User.tsx": {"path":"/Users/tomaszantas/workspace/tari/applications/launchpad_v2/src/styles/Icons/User.tsx","statementMap":{"0":{"start":{"line":1,"column":0},"end":{"line":1,"column":30}},"1":{"start":{"line":4,"column":16},"end":{"line":18,"column":null}},"2":{"start":{"line":5,"column":2},"end":{"line":17,"column":null}},"3":{"start":{"line":21,"column":0},"end":{"line":21,"column":null}}},"fnMap":{"0":{"name":"(anonymous_6)","decl":{"start":{"line":4,"column":16},"end":{"line":4,"column":17}},"loc":{"start":{"line":5,"column":2},"end":{"line":17,"column":null}}}},"branchMap":{},"s":{"0":0,"1":0,"2":0,"3":0},"f":{"0":0},"b":{}}
,"/Users/tomaszantas/workspace/tari/applications/launchpad_v2/src/styles/Icons/UserPlus.tsx": {"path":"/Users/tomaszantas/workspace/tari/applications/launchpad_v2/src/styles/Icons/UserPlus.tsx","statementMap":{"0":{"start":{"line":1,"column":0},"end":{"line":1,"column":30}},"1":{"start":{"line":4,"column":20},"end":{"line":24,"column":null}},"2":{"start":{"line":5,"column":2},"end":{"line":23,"column":null}},"3":{"start":{"line":27,"column":0},"end":{"line":27,"column":null}}},"fnMap":{"0":{"name":"(anonymous_6)","decl":{"start":{"line":4,"column":20},"end":{"line":4,"column":21}},"loc":{"start":{"line":5,"column":2},"end":{"line":23,"column":null}}}},"branchMap":{},"s":{"0":0,"1":0,"2":0,"3":0},"f":{"0":0},"b":{}}
,"/Users/tomaszantas/workspace/tari/applications/launchpad_v2/src/styles/Icons/UserScan.tsx": {"path":"/Users/tomaszantas/workspace/tari/applications/launchpad_v2/src/styles/Icons/UserScan.tsx","statementMap":{"0":{"start":{"line":1,"column":0},"end":{"line":1,"column":30}},"1":{"start":{"line":4,"column":20},"end":{"line":24,"column":null}},"2":{"start":{"line":5,"column":2},"end":{"line":23,"column":null}},"3":{"start":{"line":27,"column":0},"end":{"line":27,"column":null}}},"fnMap":{"0":{"name":"(anonymous_6)","decl":{"start":{"line":4,"column":20},"end":{"line":4,"column":21}},"loc":{"start":{"line":5,"column":2},"end":{"line":23,"column":null}}}},"branchMap":{},"s":{"0":0,"1":0,"2":0,"3":0},"f":{"0":0},"b":{}}
,"/Users/tomaszantas/workspace/tari/applications/launchpad_v2/src/styles/Icons/Video.tsx": {"path":"/Users/tomaszantas/workspace/tari/applications/launchpad_v2/src/styles/Icons/Video.tsx","statementMap":{"0":{"start":{"line":1,"column":0},"end":{"line":1,"column":30}},"1":{"start":{"line":4,"column":17},"end":{"line":23,"column":null}},"2":{"start":{"line":5,"column":2},"end":{"line":22,"column":null}},"3":{"start":{"line":26,"column":0},"end":{"line":26,"column":null}}},"fnMap":{"0":{"name":"(anonymous_6)","decl":{"start":{"line":4,"column":17},"end":{"line":4,"column":18}},"loc":{"start":{"line":5,"column":2},"end":{"line":22,"column":null}}}},"branchMap":{},"s":{"0":0,"1":0,"2":0,"3":0},"f":{"0":0},"b":{}}
,"/Users/tomaszantas/workspace/tari/applications/launchpad_v2/src/styles/Icons/VolumeCross.tsx": {"path":"/Users/tomaszantas/workspace/tari/applications/launchpad_v2/src/styles/Icons/VolumeCross.tsx","statementMap":{"0":{"start":{"line":1,"column":0},"end":{"line":1,"column":30}},"1":{"start":{"line":4,"column":23},"end":{"line":24,"column":null}},"2":{"start":{"line":5,"column":2},"end":{"line":23,"column":null}},"3":{"start":{"line":27,"column":0},"end":{"line":27,"column":null}}},"fnMap":{"0":{"name":"(anonymous_6)","decl":{"start":{"line":4,"column":23},"end":{"line":4,"column":24}},"loc":{"start":{"line":5,"column":2},"end":{"line":23,"column":null}}}},"branchMap":{},"s":{"0":0,"1":0,"2":0,"3":0},"f":{"0":0},"b":{}}
,"/Users/tomaszantas/workspace/tari/applications/launchpad_v2/src/styles/Icons/VolumeHigh.tsx": {"path":"/Users/tomaszantas/workspace/tari/applications/launchpad_v2/src/styles/Icons/VolumeHigh.tsx","statementMap":{"0":{"start":{"line":1,"column":0},"end":{"line":1,"column":30}},"1":{"start":{"line":4,"column":22},"end":{"line":32,"column":null}},"2":{"start":{"line":5,"column":2},"end":{"line":31,"column":null}},"3":{"start":{"line":35,"column":0},"end":{"line":35,"column":null}}},"fnMap":{"0":{"name":"(anonymous_6)","decl":{"start":{"line":4,"column":22},"end":{"line":4,"column":23}},"loc":{"start":{"line":5,"column":2},"end":{"line":31,"column":null}}}},"branchMap":{},"s":{"0":0,"1":0,"2":0,"3":0},"f":{"0":0},"b":{}}
,"/Users/tomaszantas/workspace/tari/applications/launchpad_v2/src/styles/Icons/VolumeLow.tsx": {"path":"/Users/tomaszantas/workspace/tari/applications/launchpad_v2/src/styles/Icons/VolumeLow.tsx","statementMap":{"0":{"start":{"line":1,"column":0},"end":{"line":1,"column":30}},"1":{"start":{"line":4,"column":21},"end":{"line":25,"column":null}},"2":{"start":{"line":5,"column":2},"end":{"line":24,"column":null}},"3":{"start":{"line":28,"column":0},"end":{"line":28,"column":null}}},"fnMap":{"0":{"name":"(anonymous_6)","decl":{"start":{"line":4,"column":21},"end":{"line":4,"column":22}},"loc":{"start":{"line":5,"column":2},"end":{"line":24,"column":null}}}},"branchMap":{},"s":{"0":0,"1":0,"2":0,"3":0},"f":{"0":0},"b":{}}
,"/Users/tomaszantas/workspace/tari/applications/launchpad_v2/src/styles/Icons/VolumeMute.tsx": {"path":"/Users/tomaszantas/workspace/tari/applications/launchpad_v2/src/styles/Icons/VolumeMute.tsx","statementMap":{"0":{"start":{"line":1,"column":0},"end":{"line":1,"column":30}},"1":{"start":{"line":4,"column":22},"end":{"line":18,"column":null}},"2":{"start":{"line":5,"column":2},"end":{"line":17,"column":null}},"3":{"start":{"line":21,"column":0},"end":{"line":21,"column":null}}},"fnMap":{"0":{"name":"(anonymous_6)","decl":{"start":{"line":4,"column":22},"end":{"line":4,"column":23}},"loc":{"start":{"line":5,"column":2},"end":{"line":17,"column":null}}}},"branchMap":{},"s":{"0":0,"1":0,"2":0,"3":0},"f":{"0":0},"b":{}}
,"/Users/tomaszantas/workspace/tari/applications/launchpad_v2/src/styles/Icons/VolumeSlash.tsx": {"path":"/Users/tomaszantas/workspace/tari/applications/launchpad_v2/src/styles/Icons/VolumeSlash.tsx","statementMap":{"0":{"start":{"line":1,"column":0},"end":{"line":1,"column":30}},"1":{"start":{"line":4,"column":23},"end":{"line":17,"column":null}},"2":{"start":{"line":5,"column":2},"end":{"line":16,"column":null}},"3":{"start":{"line":20,"column":0},"end":{"line":20,"column":null}}},"fnMap":{"0":{"name":"(anonymous_6)","decl":{"start":{"line":4,"column":23},"end":{"line":4,"column":24}},"loc":{"start":{"line":5,"column":2},"end":{"line":16,"column":null}}}},"branchMap":{},"s":{"0":0,"1":0,"2":0,"3":0},"f":{"0":0},"b":{}}
,"/Users/tomaszantas/workspace/tari/applications/launchpad_v2/src/styles/Icons/Wallet.tsx": {"path":"/Users/tomaszantas/workspace/tari/applications/launchpad_v2/src/styles/Icons/Wallet.tsx","statementMap":{"0":{"start":{"line":1,"column":0},"end":{"line":1,"column":30}},"1":{"start":{"line":4,"column":18},"end":{"line":23,"column":null}},"2":{"start":{"line":5,"column":2},"end":{"line":22,"column":null}},"3":{"start":{"line":26,"column":0},"end":{"line":26,"column":null}}},"fnMap":{"0":{"name":"(anonymous_6)","decl":{"start":{"line":4,"column":18},"end":{"line":4,"column":19}},"loc":{"start":{"line":5,"column":2},"end":{"line":22,"column":null}}}},"branchMap":{},"s":{"0":0,"1":0,"2":0,"3":0},"f":{"0":0},"b":{}}
,"/Users/tomaszantas/workspace/tari/applications/launchpad_v2/src/styles/Icons/Work.tsx": {"path":"/Users/tomaszantas/workspace/tari/applications/launchpad_v2/src/styles/Icons/Work.tsx","statementMap":{"0":{"start":{"line":1,"column":0},"end":{"line":1,"column":30}},"1":{"start":{"line":4,"column":16},"end":{"line":23,"column":null}},"2":{"start":{"line":5,"column":2},"end":{"line":22,"column":null}},"3":{"start":{"line":26,"column":0},"end":{"line":26,"column":null}}},"fnMap":{"0":{"name":"(anonymous_6)","decl":{"start":{"line":4,"column":16},"end":{"line":4,"column":17}},"loc":{"start":{"line":5,"column":2},"end":{"line":22,"column":null}}}},"branchMap":{},"s":{"0":0,"1":0,"2":0,"3":0},"f":{"0":0},"b":{}}
,"/Users/tomaszantas/workspace/tari/applications/launchpad_v2/src/styles/Icons/ZoomIn.tsx": {"path":"/Users/tomaszantas/workspace/tari/applications/launchpad_v2/src/styles/Icons/ZoomIn.tsx","statementMap":{"0":{"start":{"line":1,"column":0},"end":{"line":1,"column":30}},"1":{"start":{"line":4,"column":18},"end":{"line":17,"column":null}},"2":{"start":{"line":5,"column":2},"end":{"line":16,"column":null}},"3":{"start":{"line":20,"column":0},"end":{"line":20,"column":null}}},"fnMap":{"0":{"name":"(anonymous_6)","decl":{"start":{"line":4,"column":18},"end":{"line":4,"column":19}},"loc":{"start":{"line":5,"column":2},"end":{"line":16,"column":null}}}},"branchMap":{},"s":{"0":0,"1":0,"2":0,"3":0},"f":{"0":0},"b":{}}
,"/Users/tomaszantas/workspace/tari/applications/launchpad_v2/src/styles/Icons/ZoomOut.tsx": {"path":"/Users/tomaszantas/workspace/tari/applications/launchpad_v2/src/styles/Icons/ZoomOut.tsx","statementMap":{"0":{"start":{"line":1,"column":0},"end":{"line":1,"column":30}},"1":{"start":{"line":4,"column":19},"end":{"line":17,"column":null}},"2":{"start":{"line":5,"column":2},"end":{"line":16,"column":null}},"3":{"start":{"line":20,"column":0},"end":{"line":20,"column":null}}},"fnMap":{"0":{"name":"(anonymous_6)","decl":{"start":{"line":4,"column":19},"end":{"line":4,"column":20}},"loc":{"start":{"line":5,"column":2},"end":{"line":16,"column":null}}}},"branchMap":{},"s":{"0":0,"1":0,"2":0,"3":0},"f":{"0":0},"b":{}}
,"/Users/tomaszantas/workspace/tari/applications/launchpad_v2/src/styles/styles/colors.ts": {"path":"/Users/tomaszantas/workspace/tari/applications/launchpad_v2/src/styles/styles/colors.ts","statementMap":{"0":{"start":{"line":5,"column":15},"end":{"line":50,"column":null}},"1":{"start":{"line":52,"column":0},"end":{"line":52,"column":null}}},"fnMap":{},"branchMap":{},"s":{"0":3,"1":3},"f":{},"b":{}}
,"/Users/tomaszantas/workspace/tari/applications/launchpad_v2/src/styles/styles/gradients.ts": {"path":"/Users/tomaszantas/workspace/tari/applications/launchpad_v2/src/styles/styles/gradients.ts","statementMap":{"0":{"start":{"line":1,"column":0},"end":{"line":1,"column":29}},"1":{"start":{"line":7,"column":18},"end":{"line":14,"column":null}},"2":{"start":{"line":16,"column":0},"end":{"line":16,"column":null}}},"fnMap":{},"branchMap":{},"s":{"0":3,"1":3,"2":3},"f":{},"b":{}}
,"/Users/tomaszantas/workspace/tari/applications/launchpad_v2/src/styles/styles/index.ts": {"path":"/Users/tomaszantas/workspace/tari/applications/launchpad_v2/src/styles/styles/index.ts","statementMap":{"0":{"start":{"line":1,"column":0},"end":{"line":1,"column":29}},"1":{"start":{"line":2,"column":0},"end":{"line":2,"column":35}},"2":{"start":{"line":4,"column":15},"end":{"line":9,"column":null}},"3":{"start":{"line":11,"column":0},"end":{"line":11,"column":null}}},"fnMap":{},"branchMap":{},"s":{"0":3,"1":3,"2":3,"3":3},"f":{},"b":{}}
,"/Users/tomaszantas/workspace/tari/applications/launchpad_v2/src/styles/themes/dark.ts": {"path":"/Users/tomaszantas/workspace/tari/applications/launchpad_v2/src/styles/themes/dark.ts","statementMap":{"0":{"start":{"line":1,"column":0},"end":{"line":1,"column":30}},"1":{"start":{"line":3,"column":18},"end":{"line":25,"column":null}},"2":{"start":{"line":27,"column":0},"end":{"line":27,"column":null}}},"fnMap":{},"branchMap":{},"s":{"0":3,"1":3,"2":3},"f":{},"b":{}}
,"/Users/tomaszantas/workspace/tari/applications/launchpad_v2/src/styles/themes/index.ts": {"path":"/Users/tomaszantas/workspace/tari/applications/launchpad_v2/src/styles/themes/index.ts","statementMap":{"0":{"start":{"line":1,"column":0},"end":{"line":1,"column":30}},"1":{"start":{"line":2,"column":0},"end":{"line":2,"column":32}},"2":{"start":{"line":6,"column":15},"end":{"line":9,"column":null}},"3":{"start":{"line":11,"column":0},"end":{"line":11,"column":null}}},"fnMap":{},"branchMap":{},"s":{"0":3,"1":3,"2":3,"3":3},"f":{},"b":{}}
,"/Users/tomaszantas/workspace/tari/applications/launchpad_v2/src/styles/themes/light.ts": {"path":"/Users/tomaszantas/workspace/tari/applications/launchpad_v2/src/styles/themes/light.ts","statementMap":{"0":{"start":{"line":1,"column":0},"end":{"line":1,"column":30}},"1":{"start":{"line":3,"column":19},"end":{"line":25,"column":null}},"2":{"start":{"line":27,"column":0},"end":{"line":27,"column":null}}},"fnMap":{},"branchMap":{},"s":{"0":3,"1":3,"2":3},"f":{},"b":{}}
,"/Users/tomaszantas/workspace/tari/applications/launchpad_v2/src/utils/ExpertViewUtils.ts": {"path":"/Users/tomaszantas/workspace/tari/applications/launchpad_v2/src/utils/ExpertViewUtils.ts","statementMap":{"0":{"start":{"line":1,"column":0},"end":{"line":1,"column":40}},"1":{"start":{"line":13,"column":40},"end":{"line":32,"column":3}},"2":{"start":{"line":17,"column":15},"end":{"line":17,"column":19}},"3":{"start":{"line":18,"column":4},"end":{"line":28,"column":null}},"4":{"start":{"line":20,"column":8},"end":{"line":20,"column":null}},"5":{"start":{"line":21,"column":8},"end":{"line":21,"column":13}},"6":{"start":{"line":23,"column":8},"end":{"line":23,"column":null}},"7":{"start":{"line":24,"column":8},"end":{"line":24,"column":13}},"8":{"start":{"line":26,"column":8},"end":{"line":26,"column":null}},"9":{"start":{"line":27,"column":8},"end":{"line":27,"column":13}},"10":{"start":{"line":30,"column":25},"end":{"line":30,"column":53}},"11":{"start":{"line":31,"column":4},"end":{"line":31,"column":null}},"12":{"start":{"line":38,"column":22},"end":{"line":38,"column":66}},"13":{"start":{"line":38,"column":40},"end":{"line":38,"column":66}},"14":{"start":{"line":41,"column":0},"end":{"line":41,"column":null}}},"fnMap":{"0":{"name":"(anonymous_0)","decl":{"start":{"line":13,"column":40},"end":{"line":13,"column":null}},"loc":{"start":{"line":16,"column":6},"end":{"line":32,"column":3}}},"1":{"name":"(anonymous_1)","decl":{"start":{"line":38,"column":22},"end":{"line":38,"column":23}},"loc":{"start":{"line":38,"column":40},"end":{"line":38,"column":66}}}},"branchMap":{"0":{"loc":{"start":{"line":15,"column":4},"end":{"line":15,"column":24}},"type":"default-arg","locations":[{"start":{"line":15,"column":19},"end":{"line":15,"column":24}}]},"1":{"loc":{"start":{"line":18,"column":4},"end":{"line":28,"column":null}},"type":"switch","locations":[{"start":{"line":19,"column":6},"end":{"line":21,"column":13}},{"start":{"line":22,"column":6},"end":{"line":24,"column":13}},{"start":{"line":25,"column":6},"end":{"line":27,"column":13}}]}},"s":{"0":3,"1":3,"2":8,"3":8,"4":2,"5":2,"6":1,"7":1,"8":5,"9":5,"10":8,"11":8,"12":3,"13":5,"14":3},"f":{"0":8,"1":5},"b":{"0":[1],"1":[2,1,5]}}
,"/Users/tomaszantas/workspace/tari/applications/launchpad_v2/src/utils/ThemeUtils.ts": {"path":"/Users/tomaszantas/workspace/tari/applications/launchpad_v2/src/utils/ThemeUtils.ts","statementMap":{"0":{"start":{"line":1,"column":0},"end":{"line":1,"column":52}},"1":{"start":{"line":8,"column":26},"end":{"line":15,"column":3}},"2":{"start":{"line":9,"column":4},"end":{"line":11,"column":null}},"3":{"start":{"line":10,"column":6},"end":{"line":10,"column":null}},"4":{"start":{"line":13,"column":24},"end":{"line":13,"column":36}},"5":{"start":{"line":14,"column":4},"end":{"line":14,"column":null}},"6":{"start":{"line":18,"column":0},"end":{"line":18,"column":null}}},"fnMap":{"0":{"name":"(anonymous_1)","decl":{"start":{"line":8,"column":26},"end":{"line":8,"column":27}},"loc":{"start":{"line":8,"column":47},"end":{"line":15,"column":3}}}},"branchMap":{"0":{"loc":{"start":{"line":9,"column":4},"end":{"line":11,"column":null}},"type":"if","locations":[{"start":{"line":9,"column":4},"end":{"line":11,"column":null}}]},"1":{"loc":{"start":{"line":14,"column":11},"end":{"line":14,"column":38}},"type":"binary-expr","locations":[{"start":{"line":14,"column":11},"end":{"line":14,"column":22}},{"start":{"line":14,"column":26},"end":{"line":14,"column":38}}]}},"s":{"0":0,"1":0,"2":0,"3":0,"4":0,"5":0,"6":0},"f":{"0":0},"b":{"0":[0],"1":[0,0]}}
}
